<?xml version="1.0" encoding="UTF-8"?>
<coverage generated="1414484641">
    <project timestamp="1414484641">
    <package name="MOC\V\Component\Database\Component\Bridge">
        <file name="D:\WebProject\MOC-Framework-Mark-V/Component/Database/Component/Bridge/Bridge.php">
            <class name="Bridge" namespace="MOC\V\Component\Database\Component\Bridge" fullPackage="MOC" package="MOC">
                <metrics methods="2" coveredmethods="2" conditionals="0" coveredconditionals="0" statements="4"
                         coveredstatements="4" elements="6" coveredelements="6"/>
        </class>
            <line num="27" type="method" name="prepareStatement" crap="1" count="1"/>
            <line num="30" type="stmt" count="1"/>
            <line num="31" type="stmt" count="1"/>
            <line num="40" type="method" name="defineParameter" crap="1" count="1"/>
            <line num="43" type="stmt" count="1"/>
            <line num="44" type="stmt" count="1"/>
            <metrics loc="46" ncloc="26" classes="1" methods="2" coveredmethods="2" conditionals="0"
                     coveredconditionals="0" statements="4" coveredstatements="4" elements="6" coveredelements="6"/>
      </file>
        <file name="D:\WebProject\MOC-Framework-Mark-V/Component/Database/Component/Bridge/Doctrine2DBAL.php">
            <class name="Doctrine2DBAL" namespace="MOC\V\Component\Database\Component\Bridge" fullPackage="MOC"
                   package="MOC">
                <metrics methods="6" coveredmethods="6" conditionals="0" coveredconditionals="0" statements="34"
                         coveredstatements="34" elements="40" coveredelements="40"/>
            </class>
            <line num="28" type="method" name="__construct" crap="1" count="3"/>
            <line num="31" type="stmt" count="3"/>
            <line num="32" type="stmt" count="3"/>
            <line num="33" type="stmt" count="3"/>
            <line num="34" type="stmt" count="3"/>
            <line num="47" type="method" name="registerConnection" crap="3" count="3"/>
            <line num="57" type="stmt" count="3"/>
            <line num="58" type="stmt" count="3"/>
            <line num="59" type="stmt" count="3"/>
            <line num="60" type="stmt" count="3"/>
            <line num="61" type="stmt" count="3"/>
            <line num="62" type="stmt" count="3"/>
            <line num="63" type="stmt" count="3"/>
            <line num="64" type="stmt" count="3"/>
            <line num="66" type="stmt" count="3"/>
            <line num="67" type="stmt" count="1"/>
            <line num="71" type="stmt" count="3"/>
            <line num="72" type="stmt" count="3"/>
            <line num="73" type="stmt" count="1"/>
            <line num="76" type="stmt" count="3"/>
            <line num="77" type="stmt" count="3"/>
            <line num="84" type="method" name="executeRead" crap="1" count="1"/>
            <line num="87" type="stmt" count="1"/>
            <line num="88" type="stmt" count="1"/>
            <line num="94" type="method" name="prepareQuery" crap="2" count="1"/>
            <line num="98" type="stmt" count="1"/>
            <line num="99" type="stmt" count="1"/>
            <line num="100" type="stmt" count="1"/>
            <line num="101" type="stmt" count="1"/>
            <line num="102" type="stmt" count="1"/>
            <line num="103" type="stmt" count="1"/>
            <line num="104" type="stmt" count="1"/>
            <line num="105" type="stmt" count="1"/>
            <line num="106" type="stmt" count="1"/>
            <line num="107" type="stmt" count="1"/>
            <line num="113" type="method" name="prepareConnection" crap="1" count="1"/>
            <line num="116" type="stmt" count="1"/>
            <line num="123" type="method" name="executeWrite" crap="1" count="1"/>
            <line num="126" type="stmt" count="1"/>
            <line num="127" type="stmt" count="1"/>
            <metrics loc="129" ncloc="97" classes="1" methods="6" coveredmethods="6" conditionals="0"
                     coveredconditionals="0" statements="34" coveredstatements="34" elements="40" coveredelements="40"/>
        </file>
    </package>
    <package name="MOC\V\Component\Database\Component\Exception">
        <file name="D:\WebProject\MOC-Framework-Mark-V/Component/Database/Component/Exception/ComponentException.php">
            <class name="ComponentException" namespace="MOC\V\Component\Database\Component\Exception" fullPackage="MOC"
                   package="MOC">
          <metrics methods="1" coveredmethods="1" conditionals="0" coveredconditionals="0" statements="2" coveredstatements="2" elements="3" coveredelements="3"/>
        </class>
            <line num="19" type="method" name="__construct" crap="1" count="3"/>
            <line num="22" type="stmt" count="3"/>
            <line num="23" type="stmt" count="3"/>
            <metrics loc="24" ncloc="14" classes="1" methods="1" coveredmethods="1" conditionals="0"
                     coveredconditionals="0" statements="2" coveredstatements="2" elements="3" coveredelements="3"/>
      </file>
    </package>
        <package name="MOC\V\Component\Database\Component\Option\Repository">
            <file
                name="D:\WebProject\MOC-Framework-Mark-V/Component/Database/Component/Option/Repository/DatabaseOption.php">
                <class name="DatabaseOption" namespace="MOC\V\Component\Database\Component\Option\Repository"
                       fullPackage="MOC" package="MOC">
          <metrics methods="3" coveredmethods="3" conditionals="0" coveredconditionals="0" statements="5" coveredstatements="5" elements="8" coveredelements="8"/>
        </class>
                <line num="21" type="method" name="__construct" crap="1" count="3"/>
                <line num="24" type="stmt" count="3"/>
                <line num="25" type="stmt" count="3"/>
                <line num="30" type="method" name="getDatabase" crap="1" count="3"/>
                <line num="33" type="stmt" count="3"/>
                <line num="39" type="method" name="setDatabase" crap="1" count="3"/>
                <line num="42" type="stmt" count="3"/>
                <line num="43" type="stmt" count="3"/>
                <metrics loc="44" ncloc="29" classes="1" methods="3" coveredmethods="3" conditionals="0"
                         coveredconditionals="0" statements="5" coveredstatements="5" elements="8" coveredelements="8"/>
      </file>
            <file
                name="D:\WebProject\MOC-Framework-Mark-V/Component/Database/Component/Option/Repository/DriverOption.php">
                <class name="DriverOption" namespace="MOC\V\Component\Database\Component\Option\Repository"
                       fullPackage="MOC" package="MOC">
          <metrics methods="3" coveredmethods="3" conditionals="0" coveredconditionals="0" statements="5" coveredstatements="5" elements="8" coveredelements="8"/>
        </class>
                <line num="31" type="method" name="__construct" crap="1" count="3"/>
                <line num="34" type="stmt" count="3"/>
                <line num="35" type="stmt" count="3"/>
                <line num="40" type="method" name="getDriver" crap="1" count="3"/>
                <line num="43" type="stmt" count="3"/>
                <line num="49" type="method" name="setDriver" crap="1" count="3"/>
                <line num="52" type="stmt" count="3"/>
                <line num="53" type="stmt" count="3"/>
                <metrics loc="54" ncloc="39" classes="1" methods="3" coveredmethods="3" conditionals="0"
                         coveredconditionals="0" statements="5" coveredstatements="5" elements="8" coveredelements="8"/>
      </file>
            <file
                name="D:\WebProject\MOC-Framework-Mark-V/Component/Database/Component/Option/Repository/HostOption.php">
                <class name="HostOption" namespace="MOC\V\Component\Database\Component\Option\Repository"
                       fullPackage="MOC" package="MOC">
          <metrics methods="3" coveredmethods="3" conditionals="0" coveredconditionals="0" statements="5" coveredstatements="5" elements="8" coveredelements="8"/>
        </class>
                <line num="21" type="method" name="__construct" crap="1" count="3"/>
                <line num="24" type="stmt" count="3"/>
                <line num="25" type="stmt" count="3"/>
                <line num="30" type="method" name="getHost" crap="1" count="3"/>
                <line num="33" type="stmt" count="3"/>
                <line num="39" type="method" name="setHost" crap="1" count="3"/>
                <line num="42" type="stmt" count="3"/>
                <line num="43" type="stmt" count="3"/>
                <metrics loc="44" ncloc="29" classes="1" methods="3" coveredmethods="3" conditionals="0"
                         coveredconditionals="0" statements="5" coveredstatements="5" elements="8" coveredelements="8"/>
      </file>
            <file
                name="D:\WebProject\MOC-Framework-Mark-V/Component/Database/Component/Option/Repository/PasswordOption.php">
                <class name="PasswordOption" namespace="MOC\V\Component\Database\Component\Option\Repository"
                       fullPackage="MOC" package="MOC">
          <metrics methods="3" coveredmethods="3" conditionals="0" coveredconditionals="0" statements="5" coveredstatements="5" elements="8" coveredelements="8"/>
        </class>
                <line num="21" type="method" name="__construct" crap="1" count="3"/>
                <line num="24" type="stmt" count="3"/>
                <line num="25" type="stmt" count="3"/>
                <line num="30" type="method" name="getPassword" crap="1" count="3"/>
                <line num="33" type="stmt" count="3"/>
                <line num="39" type="method" name="setPassword" crap="1" count="3"/>
                <line num="42" type="stmt" count="3"/>
                <line num="43" type="stmt" count="3"/>
                <metrics loc="44" ncloc="29" classes="1" methods="3" coveredmethods="3" conditionals="0"
                         coveredconditionals="0" statements="5" coveredstatements="5" elements="8" coveredelements="8"/>
      </file>
            <file
                name="D:\WebProject\MOC-Framework-Mark-V/Component/Database/Component/Option/Repository/PortOption.php">
                <class name="PortOption" namespace="MOC\V\Component\Database\Component\Option\Repository"
                       fullPackage="MOC" package="MOC">
          <metrics methods="3" coveredmethods="3" conditionals="0" coveredconditionals="0" statements="5" coveredstatements="5" elements="8" coveredelements="8"/>
        </class>
                <line num="21" type="method" name="__construct" crap="1" count="3"/>
                <line num="24" type="stmt" count="3"/>
                <line num="25" type="stmt" count="3"/>
                <line num="30" type="method" name="getPort" crap="1" count="3"/>
                <line num="33" type="stmt" count="3"/>
                <line num="39" type="method" name="setPort" crap="1" count="3"/>
                <line num="42" type="stmt" count="3"/>
                <line num="43" type="stmt" count="3"/>
                <metrics loc="44" ncloc="29" classes="1" methods="3" coveredmethods="3" conditionals="0"
                         coveredconditionals="0" statements="5" coveredstatements="5" elements="8" coveredelements="8"/>
      </file>
            <file
                name="D:\WebProject\MOC-Framework-Mark-V/Component/Database/Component/Option/Repository/UsernameOption.php">
                <class name="UsernameOption" namespace="MOC\V\Component\Database\Component\Option\Repository"
                       fullPackage="MOC" package="MOC">
          <metrics methods="3" coveredmethods="3" conditionals="0" coveredconditionals="0" statements="5" coveredstatements="5" elements="8" coveredelements="8"/>
        </class>
                <line num="21" type="method" name="__construct" crap="1" count="3"/>
                <line num="24" type="stmt" count="3"/>
                <line num="25" type="stmt" count="3"/>
                <line num="30" type="method" name="getUsername" crap="1" count="3"/>
                <line num="33" type="stmt" count="3"/>
                <line num="39" type="method" name="setUsername" crap="1" count="3"/>
                <line num="42" type="stmt" count="3"/>
                <line num="43" type="stmt" count="3"/>
                <metrics loc="44" ncloc="29" classes="1" methods="3" coveredmethods="3" conditionals="0"
                         coveredconditionals="0" statements="5" coveredstatements="5" elements="8" coveredelements="8"/>
      </file>
    </package>
    <package name="MOC\V\Component\Database\Component">
        <file name="D:\WebProject\MOC-Framework-Mark-V/Component/Database/Component/Vendor.php">
        <class name="Vendor" namespace="MOC\V\Component\Database\Component" fullPackage="MOC" package="MOC">
          <metrics methods="3" coveredmethods="3" conditionals="0" coveredconditionals="0" statements="5" coveredstatements="5" elements="8" coveredelements="8"/>
        </class>
            <line num="18" type="method" name="__construct" crap="1" count="4"/>
            <line num="21" type="stmt" count="4"/>
            <line num="22" type="stmt" count="4"/>
            <line num="27" type="method" name="getBridgeInterface" crap="1" count="4"/>
            <line num="30" type="stmt" count="4"/>
            <line num="38" type="method" name="setBridgeInterface" crap="1" count="4"/>
            <line num="41" type="stmt" count="4"/>
            <line num="42" type="stmt" count="4"/>
            <metrics loc="44" ncloc="27" classes="1" methods="3" coveredmethods="3" conditionals="0"
                     coveredconditionals="0" statements="5" coveredstatements="5" elements="8" coveredelements="8"/>
      </file>
    </package>
    <package name="MOC\V\Component\Database">
        <file name="D:\WebProject\MOC-Framework-Mark-V/Component/Database/Database.php">
            <class name="Database" namespace="MOC\V\Component\Database" fullPackage="MOC" package="MOC">
                <metrics methods="7" coveredmethods="7" conditionals="0" coveredconditionals="0" statements="22"
                         coveredstatements="22" elements="29" coveredelements="29"/>
        </class>
            <line num="30" type="method" name="__construct" crap="1" count="3"/>
            <line num="33" type="stmt" count="3"/>
            <line num="34" type="stmt" count="3"/>
            <line num="47" type="method" name="getDatabase" crap="1" count="1"/>
            <line num="50" type="stmt" count="1"/>
            <line num="63" type="method" name="getDoctrineDatabase" crap="1" count="2"/>
            <line num="66" type="stmt" count="2"/>
            <line num="67" type="stmt" count="2"/>
            <line num="68" type="stmt" count="2"/>
            <line num="69" type="stmt" count="2"/>
            <line num="70" type="stmt" count="2"/>
            <line num="72" type="stmt" count="2"/>
            <line num="73" type="stmt" count="2"/>
            <line num="74" type="stmt" count="2"/>
            <line num="75" type="stmt" count="2"/>
            <line num="76" type="stmt" count="2"/>
            <line num="77" type="stmt" count="2"/>
            <line num="78" type="stmt" count="2"/>
            <line num="79" type="stmt" count="2"/>
            <line num="81" type="stmt" count="2"/>
            <line num="87" type="method" name="getBridgeInterface" crap="1" count="3"/>
            <line num="90" type="stmt" count="3"/>
            <line num="96" type="method" name="getVendorInterface" crap="1" count="1"/>
            <line num="99" type="stmt" count="1"/>
            <line num="107" type="method" name="setVendorInterface" crap="1" count="3"/>
            <line num="110" type="stmt" count="3"/>
            <line num="111" type="stmt" count="3"/>
            <line num="119" type="method" name="setBridgeInterface" crap="1" count="1"/>
            <line num="122" type="stmt" count="1"/>
            <metrics loc="124" ncloc="78" classes="1" methods="7" coveredmethods="7" conditionals="0"
                     coveredconditionals="0" statements="22" coveredstatements="22" elements="29" coveredelements="29"/>
      </file>
    </package>
    <package name="MOC\V\Component\Database\Exception">
        <file name="D:\WebProject\MOC-Framework-Mark-V/Component/Database/Exception/DatabaseException.php">
            <class name="DatabaseException" namespace="MOC\V\Component\Database\Exception" fullPackage="MOC"
                   package="MOC">
          <metrics methods="1" coveredmethods="1" conditionals="0" coveredconditionals="0" statements="2" coveredstatements="2" elements="3" coveredelements="3"/>
        </class>
            <line num="19" type="method" name="__construct" crap="1" count="3"/>
            <line num="22" type="stmt" count="3"/>
            <line num="23" type="stmt" count="3"/>
            <metrics loc="24" ncloc="14" classes="1" methods="1" coveredmethods="1" conditionals="0"
                     coveredconditionals="0" statements="2" coveredstatements="2" elements="3" coveredelements="3"/>
      </file>
    </package>
        <package name="MOC\V\Component\Documentation\Component\Bridge">
            <file name="D:\WebProject\MOC-Framework-Mark-V/Component/Documentation/Component/Bridge/ApiGen.php">
                <class name="ApiGen" namespace="MOC\V\Component\Documentation\Component\Bridge" fullPackage="MOC"
                       package="MOC">
                    <metrics methods="2" coveredmethods="2" conditionals="0" coveredconditionals="0" statements="33"
                             coveredstatements="33" elements="35" coveredelements="35"/>
                </class>
                <line num="25" type="method" name="__construct" crap="1" count="1"/>
                <line num="28" type="stmt" count="1"/>
                <line num="29" type="stmt" count="1"/>
                <line num="30" type="stmt" count="1"/>
                <line num="32" type="stmt" count="1"/>
                <line num="33" type="stmt" count="1"/>
                <line num="34" type="stmt" count="1"/>
                <line num="35" type="stmt" count="1"/>
                <line num="37" type="method" name="getConfig" crap="1" count="1"/>
                <line num="42" type="stmt" count="1"/>
                <line num="44" type="stmt" count="1"/>
                <line num="46" type="stmt" count="1"/>
                <line num="48" type="stmt" count="1"/>
                <line num="54" type="stmt" count="1"/>
                <line num="56" type="stmt" count="1"/>
                <line num="58" type="stmt" count="1"/>
                <line num="68" type="stmt" count="1"/>
                <line num="70" type="stmt" count="1"/>
                <line num="72" type="stmt" count="1"/>
                <line num="74" type="stmt" count="1"/>
                <line num="76" type="stmt" count="1"/>
                <line num="78" type="stmt" count="1"/>
                <line num="80" type="stmt" count="1"/>
                <line num="82" type="stmt" count="1"/>
                <line num="84" type="stmt" count="1"/>
                <line num="86" type="stmt" count="1"/>
                <line num="88" type="stmt" count="1"/>
                <line num="90" type="stmt" count="1"/>
                <line num="92" type="stmt" count="1"/>
                <line num="94" type="stmt" count="1"/>
                <line num="96" type="stmt" count="1"/>
                <line num="98" type="stmt" count="1"/>
                <line num="100" type="stmt" count="1"/>
                <line num="102" type="stmt" count="1"/>
                <line num="105" type="stmt" count="1"/>
                <metrics loc="134" ncloc="46" classes="1" methods="2" coveredmethods="2" conditionals="0"
                         coveredconditionals="0" statements="33" coveredstatements="33" elements="35"
                         coveredelements="35"/>
            </file>
        </package>
        <package name="MOC\V\Component\Documentation\Component\Exception">
            <file
                name="D:\WebProject\MOC-Framework-Mark-V/Component/Documentation/Component/Exception/ComponentException.php">
                <class name="ComponentException" namespace="MOC\V\Component\Documentation\Component\Exception"
                       fullPackage="MOC" package="MOC">
                    <metrics methods="1" coveredmethods="1" conditionals="0" coveredconditionals="0" statements="2"
                             coveredstatements="2" elements="3" coveredelements="3"/>
                </class>
                <line num="19" type="method" name="__construct" crap="1" count="2"/>
                <line num="22" type="stmt" count="2"/>
                <line num="23" type="stmt" count="2"/>
                <metrics loc="24" ncloc="14" classes="1" methods="1" coveredmethods="1" conditionals="0"
                         coveredconditionals="0" statements="2" coveredstatements="2" elements="3" coveredelements="3"/>
            </file>
            <file
                name="D:\WebProject\MOC-Framework-Mark-V/Component/Documentation/Component/Exception/EmptyDirectoryException.php">
                <class name="EmptyDirectoryException" namespace="MOC\V\Component\Documentation\Component\Exception"
                       fullPackage="MOC" package="MOC">
                    <metrics methods="1" coveredmethods="1" conditionals="0" coveredconditionals="0" statements="3"
                             coveredstatements="3" elements="4" coveredelements="4"/>
                </class>
                <line num="17" type="method" name="__construct" crap="1" count="2"/>
                <line num="20" type="stmt" count="2"/>
                <line num="22" type="stmt" count="2"/>
                <line num="23" type="stmt" count="2"/>
                <metrics loc="25" ncloc="15" classes="1" methods="1" coveredmethods="1" conditionals="0"
                         coveredconditionals="0" statements="3" coveredstatements="3" elements="4" coveredelements="4"/>
            </file>
            <file
                name="D:\WebProject\MOC-Framework-Mark-V/Component/Documentation/Component/Exception/TypeDirectoryException.php">
                <class name="TypeDirectoryException" namespace="MOC\V\Component\Documentation\Component\Exception"
                       fullPackage="MOC" package="MOC">
                    <metrics methods="1" coveredmethods="1" conditionals="0" coveredconditionals="0" statements="3"
                             coveredstatements="3" elements="4" coveredelements="4"/>
                </class>
                <line num="17" type="method" name="__construct" crap="1" count="2"/>
                <line num="20" type="stmt" count="2"/>
                <line num="22" type="stmt" count="2"/>
                <line num="23" type="stmt" count="2"/>
                <metrics loc="25" ncloc="15" classes="1" methods="1" coveredmethods="1" conditionals="0"
                         coveredconditionals="0" statements="3" coveredstatements="3" elements="4" coveredelements="4"/>
            </file>
        </package>
        <package name="MOC\V\Component\Documentation\Component\Option\Repository">
            <file
                name="D:\WebProject\MOC-Framework-Mark-V/Component/Documentation/Component/Option/Repository/DirectoryOption.php">
                <class name="DirectoryOption" namespace="MOC\V\Component\Documentation\Component\Option\Repository"
                       fullPackage="MOC" package="MOC">
                    <metrics methods="3" coveredmethods="3" conditionals="0" coveredconditionals="0" statements="10"
                             coveredstatements="10" elements="13" coveredelements="13"/>
                </class>
                <line num="23" type="method" name="__construct" crap="1" count="2"/>
                <line num="26" type="stmt" count="2"/>
                <line num="27" type="stmt" count="2"/>
                <line num="32" type="method" name="getDirectory" crap="1" count="2"/>
                <line num="35" type="stmt" count="2"/>
                <line num="44" type="method" name="setDirectory" crap="3" count="2"/>
                <line num="47" type="stmt" count="2"/>
                <line num="48" type="stmt" count="1"/>
                <line num="50" type="stmt" count="2"/>
                <line num="51" type="stmt" count="2"/>
                <line num="52" type="stmt" count="2"/>
                <line num="53" type="stmt" count="1"/>
                <line num="56" type="stmt" count="2"/>
                <metrics loc="58" ncloc="40" classes="1" methods="3" coveredmethods="3" conditionals="0"
                         coveredconditionals="0" statements="10" coveredstatements="10" elements="13"
                         coveredelements="13"/>
            </file>
        </package>
        <package name="MOC\V\Component\Documentation\Component">
            <file name="D:\WebProject\MOC-Framework-Mark-V/Component/Documentation/Component/Vendor.php">
                <class name="Vendor" namespace="MOC\V\Component\Documentation\Component" fullPackage="MOC"
                       package="MOC">
                    <metrics methods="3" coveredmethods="3" conditionals="0" coveredconditionals="0" statements="5"
                             coveredstatements="5" elements="8" coveredelements="8"/>
                </class>
                <line num="18" type="method" name="__construct" crap="1" count="2"/>
                <line num="21" type="stmt" count="2"/>
                <line num="22" type="stmt" count="2"/>
                <line num="27" type="method" name="getBridgeInterface" crap="1" count="2"/>
                <line num="30" type="stmt" count="2"/>
                <line num="38" type="method" name="setBridgeInterface" crap="1" count="2"/>
                <line num="41" type="stmt" count="2"/>
                <line num="42" type="stmt" count="2"/>
                <metrics loc="44" ncloc="27" classes="1" methods="3" coveredmethods="3" conditionals="0"
                         coveredconditionals="0" statements="5" coveredstatements="5" elements="8" coveredelements="8"/>
            </file>
        </package>
        <package name="MOC\V\Component\Documentation">
            <file name="D:\WebProject\MOC-Framework-Mark-V/Component/Documentation/Documentation.php">
                <class name="Documentation" namespace="MOC\V\Component\Documentation" fullPackage="MOC" package="MOC">
                    <metrics methods="5" coveredmethods="5" conditionals="0" coveredconditionals="0" statements="7"
                             coveredstatements="7" elements="12" coveredelements="12"/>
                </class>
                <line num="21" type="method" name="__construct" crap="1" count="1"/>
                <line num="24" type="stmt" count="1"/>
                <line num="25" type="stmt" count="1"/>
                <line num="30" type="method" name="getBridgeInterface" crap="1" count="1"/>
                <line num="33" type="stmt" count="1"/>
                <line num="39" type="method" name="getVendorInterface" crap="1" count="1"/>
                <line num="42" type="stmt" count="1"/>
                <line num="50" type="method" name="setVendorInterface" crap="1" count="1"/>
                <line num="53" type="stmt" count="1"/>
                <line num="54" type="stmt" count="1"/>
                <line num="62" type="method" name="setBridgeInterface" crap="1" count="1"/>
                <line num="65" type="stmt" count="1"/>
                <metrics loc="67" ncloc="42" classes="1" methods="5" coveredmethods="5" conditionals="0"
                         coveredconditionals="0" statements="7" coveredstatements="7" elements="12"
                         coveredelements="12"/>
            </file>
        </package>
        <package name="MOC\V\Component\Documentation\Exception">
            <file
                name="D:\WebProject\MOC-Framework-Mark-V/Component/Documentation/Exception/DocumentationException.php">
                <class name="DocumentationException" namespace="MOC\V\Component\Documentation\Exception"
                       fullPackage="MOC" package="MOC">
                    <metrics methods="1" coveredmethods="1" conditionals="0" coveredconditionals="0" statements="2"
                             coveredstatements="2" elements="3" coveredelements="3"/>
                </class>
                <line num="19" type="method" name="__construct" crap="1" count="2"/>
                <line num="22" type="stmt" count="2"/>
                <line num="23" type="stmt" count="2"/>
                <metrics loc="24" ncloc="14" classes="1" methods="1" coveredmethods="1" conditionals="0"
                         coveredconditionals="0" statements="2" coveredstatements="2" elements="3" coveredelements="3"/>
            </file>
        </package>
        <package name="MOC\V\Component\Router\Component\Bridge">
            <file name="D:\WebProject\MOC-Framework-Mark-V/Component/Router/Component/Bridge/SymfonyRouter.php">
                <class name="SymfonyRouter" namespace="MOC\V\Component\Router\Component\Bridge" fullPackage="MOC"
                       package="MOC">
                    <metrics methods="4" coveredmethods="4" conditionals="0" coveredconditionals="0" statements="26"
                             coveredstatements="26" elements="30" coveredelements="30"/>
                </class>
                <line num="37" type="method" name="__construct" crap="1" count="1"/>
                <line num="40" type="stmt" count="1"/>
                <line num="41" type="stmt" count="1"/>
                <line num="42" type="stmt" count="1"/>
                <line num="44" type="stmt" count="1"/>
                <line num="45" type="stmt" count="1"/>
                <line num="46" type="stmt" count="1"/>
                <line num="47" type="stmt" count="1"/>
                <line num="49" type="stmt" count="1"/>
                <line num="50" type="stmt" count="1"/>
                <line num="51" type="stmt" count="1"/>
                <line num="52" type="stmt" count="1"/>
                <line num="59" type="method" name="addRoute" crap="1" count="1"/>
                <line num="62" type="stmt" count="1"/>
                <line num="63" type="stmt" count="1"/>
                <line num="64" type="stmt" count="1"/>
                <line num="65" type="stmt" count="1"/>
                <line num="66" type="stmt" count="1"/>
                <line num="67" type="stmt" count="1"/>
                <line num="68" type="stmt" count="1"/>
                <line num="69" type="stmt" count="1"/>
                <line num="70" type="stmt" count="1"/>
                <line num="71" type="stmt" count="1"/>
                <line num="72" type="stmt" count="1"/>
                <line num="78" type="method" name="getRouteList" crap="1" count="1"/>
                <line num="81" type="stmt" count="1"/>
                <line num="88" type="method" name="getRoute" crap="2" count="1"/>
                <line num="92" type="stmt" count="1"/>
                <line num="93" type="stmt" count="1"/>
                <line num="94" type="stmt" count="1"/>
                <metrics loc="97" ncloc="75" classes="1" methods="4" coveredmethods="4" conditionals="0"
                         coveredconditionals="0" statements="26" coveredstatements="26" elements="30"
                         coveredelements="30"/>
            </file>
            <file name="D:\WebProject\MOC-Framework-Mark-V/Component/Router/Component/Bridge/UniversalRouter.php">
                <class name="UniversalRouter" namespace="MOC\V\Component\Router\Component\Bridge" fullPackage="MOC"
                       package="MOC">
                    <metrics methods="2" coveredmethods="2" conditionals="0" coveredconditionals="0" statements="2"
                             coveredstatements="2" elements="4" coveredelements="4"/>
                </class>
                <line num="20" type="method" name="addRoute" crap="1" count="1"/>
                <line num="23" type="stmt" count="1"/>
                <line num="30" type="method" name="getRoute" crap="1" count="1"/>
                <line num="33" type="stmt" count="1"/>
                <metrics loc="36" ncloc="18" classes="1" methods="2" coveredmethods="2" conditionals="0"
                         coveredconditionals="0" statements="2" coveredstatements="2" elements="4" coveredelements="4"/>
            </file>
        </package>
    <package name="MOC\V\Component\Router\Component\Exception">
        <file name="D:\WebProject\MOC-Framework-Mark-V/Component/Router/Component/Exception/ComponentException.php">
            <class name="ComponentException" namespace="MOC\V\Component\Router\Component\Exception" fullPackage="MOC"
                   package="MOC">
          <metrics methods="1" coveredmethods="1" conditionals="0" coveredconditionals="0" statements="2" coveredstatements="2" elements="3" coveredelements="3"/>
        </class>
            <line num="19" type="method" name="__construct" crap="1" count="2"/>
            <line num="22" type="stmt" count="2"/>
            <line num="23" type="stmt" count="2"/>
            <metrics loc="24" ncloc="14" classes="1" methods="1" coveredmethods="1" conditionals="0"
                     coveredconditionals="0" statements="2" coveredstatements="2" elements="3" coveredelements="3"/>
      </file>
    </package>
        <package name="MOC\V\Component\Router\Component\Option\Repository">
            <file
                name="D:\WebProject\MOC-Framework-Mark-V/Component/Router/Component/Option/Repository/RouteOption.php">
                <class name="RouteOption" namespace="MOC\V\Component\Router\Component\Option\Repository"
                       fullPackage="MOC" package="MOC">
                    <metrics methods="9" coveredmethods="9" conditionals="0" coveredconditionals="0" statements="15"
                             coveredstatements="15" elements="24" coveredelements="24"/>
                </class>
                <line num="28" type="method" name="__construct" crap="1" count="3"/>
                <line num="31" type="stmt" count="3"/>
                <line num="32" type="stmt" count="3"/>
                <line num="33" type="stmt" count="3"/>
                <line num="38" type="method" name="setPath" crap="1" count="3"/>
                <line num="41" type="stmt" count="3"/>
                <line num="42" type="stmt" count="3"/>
                <line num="47" type="method" name="setController" crap="1" count="3"/>
                <line num="50" type="stmt" count="3"/>
                <line num="51" type="stmt" count="3"/>
                <line num="56" type="method" name="getController" crap="1" count="2"/>
                <line num="59" type="stmt" count="2"/>
                <line num="65" type="method" name="getParameterDefault" crap="1" count="2"/>
                <line num="68" type="stmt" count="2"/>
                <line num="75" type="method" name="setParameterDefault" crap="1" count="1"/>
                <line num="78" type="stmt" count="1"/>
                <line num="79" type="stmt" count="1"/>
                <line num="84" type="method" name="getParameterPattern" crap="1" count="2"/>
                <line num="87" type="stmt" count="2"/>
                <line num="94" type="method" name="setParameterPattern" crap="1" count="1"/>
                <line num="97" type="stmt" count="1"/>
                <line num="98" type="stmt" count="1"/>
                <line num="103" type="method" name="getPath" crap="1" count="2"/>
                <line num="106" type="stmt" count="2"/>
                <metrics loc="109" ncloc="70" classes="1" methods="9" coveredmethods="9" conditionals="0"
                         coveredconditionals="0" statements="15" coveredstatements="15" elements="24"
                         coveredelements="24"/>
            </file>
        </package>
    <package name="MOC\V\Component\Router\Component">
        <file name="D:\WebProject\MOC-Framework-Mark-V/Component/Router/Component/Vendor.php">
        <class name="Vendor" namespace="MOC\V\Component\Router\Component" fullPackage="MOC" package="MOC">
          <metrics methods="3" coveredmethods="3" conditionals="0" coveredconditionals="0" statements="5" coveredstatements="5" elements="8" coveredelements="8"/>
        </class>
            <line num="18" type="method" name="__construct" crap="1" count="2"/>
            <line num="21" type="stmt" count="2"/>
            <line num="22" type="stmt" count="2"/>
            <line num="27" type="method" name="getBridgeInterface" crap="1" count="2"/>
            <line num="30" type="stmt" count="2"/>
            <line num="38" type="method" name="setBridgeInterface" crap="1" count="2"/>
            <line num="41" type="stmt" count="2"/>
            <line num="42" type="stmt" count="2"/>
            <metrics loc="44" ncloc="27" classes="1" methods="3" coveredmethods="3" conditionals="0"
                     coveredconditionals="0" statements="5" coveredstatements="5" elements="8" coveredelements="8"/>
      </file>
    </package>
    <package name="MOC\V\Component\Router\Exception">
        <file name="D:\WebProject\MOC-Framework-Mark-V/Component/Router/Exception/RouterException.php">
            <class name="RouterException" namespace="MOC\V\Component\Router\Exception" fullPackage="MOC" package="MOC">
          <metrics methods="1" coveredmethods="1" conditionals="0" coveredconditionals="0" statements="2" coveredstatements="2" elements="3" coveredelements="3"/>
        </class>
            <line num="19" type="method" name="__construct" crap="1" count="2"/>
            <line num="22" type="stmt" count="2"/>
            <line num="23" type="stmt" count="2"/>
            <metrics loc="24" ncloc="14" classes="1" methods="1" coveredmethods="1" conditionals="0"
                     coveredconditionals="0" statements="2" coveredstatements="2" elements="3" coveredelements="3"/>
      </file>
    </package>
    <package name="MOC\V\Component\Router">
        <file name="D:\WebProject\MOC-Framework-Mark-V/Component/Router/Router.php">
            <class name="Router" namespace="MOC\V\Component\Router" fullPackage="MOC" package="MOC">
          <metrics methods="5" coveredmethods="5" conditionals="0" coveredconditionals="0" statements="7" coveredstatements="7" elements="12" coveredelements="12"/>
        </class>
            <line num="21" type="method" name="__construct" crap="1" count="1"/>
        <line num="24" type="stmt" count="1"/>
            <line num="25" type="stmt" count="1"/>
            <line num="30" type="method" name="getVendorInterface" crap="1" count="1"/>
            <line num="33" type="stmt" count="1"/>
            <line num="41" type="method" name="setVendorInterface" crap="1" count="1"/>
        <line num="44" type="stmt" count="1"/>
            <line num="45" type="stmt" count="1"/>
            <line num="51" type="method" name="getBridgeInterface" crap="1" count="1"/>
            <line num="54" type="stmt" count="1"/>
            <line num="62" type="method" name="setBridgeInterface" crap="1" count="1"/>
            <line num="65" type="stmt" count="1"/>
            <metrics loc="68" ncloc="43" classes="1" methods="5" coveredmethods="5" conditionals="0"
                     coveredconditionals="0" statements="7" coveredstatements="7" elements="12" coveredelements="12"/>
      </file>
    </package>
    <package name="MOC\V\Component\Template\Component\Bridge">
        <file name="D:\WebProject\MOC-Framework-Mark-V/Component/Template/Component/Bridge/Bridge.php">
            <class name="Bridge" namespace="MOC\V\Component\Template\Component\Bridge" fullPackage="MOC" package="MOC">
                <metrics methods="1" coveredmethods="1" conditionals="0" coveredconditionals="0" statements="2"
                         coveredstatements="2" elements="3" coveredelements="3"/>
            </class>
            <line num="23" type="method" name="setVariable" crap="1" count="1"/>
            <line num="26" type="stmt" count="1"/>
            <line num="27" type="stmt" count="1"/>
            <metrics loc="29" ncloc="17" classes="1" methods="1" coveredmethods="1" conditionals="0"
                     coveredconditionals="0" statements="2" coveredstatements="2" elements="3" coveredelements="3"/>
        </file>
        <file name="D:\WebProject\MOC-Framework-Mark-V/Component/Template/Component/Bridge/TwigTemplate.php">
        <class name="TwigTemplate" namespace="MOC\V\Component\Template\Component\Bridge">
            <metrics methods="3" coveredmethods="3" conditionals="0" coveredconditionals="0" statements="7"
                     coveredstatements="7" elements="10" coveredelements="10"/>
        </class>
            <line num="18" type="method" name="__construct" crap="1" count="3"/>
            <line num="21" type="stmt" count="3"/>
            <line num="22" type="stmt" count="3"/>
            <line num="23" type="stmt" count="3"/>
            <line num="30" type="method" name="loadFile" crap="1" count="3"/>
            <line num="33" type="stmt" count="3"/>
            <line num="34" type="stmt" count="3"/>
            <line num="35" type="stmt" count="2"/>
            <line num="41" type="method" name="getContent" crap="1" count="1"/>
            <line num="44" type="stmt" count="1"/>
            <metrics loc="47" ncloc="34" classes="1" methods="3" coveredmethods="3" conditionals="0"
                     coveredconditionals="0" statements="7" coveredstatements="7" elements="10" coveredelements="10"/>
      </file>
    </package>
    <package name="MOC\V\Component\Template\Component\Exception">
        <file name="D:\WebProject\MOC-Framework-Mark-V/Component/Template/Component/Exception/ComponentException.php">
            <class name="ComponentException" namespace="MOC\V\Component\Template\Component\Exception" fullPackage="MOC"
                   package="MOC">
          <metrics methods="1" coveredmethods="1" conditionals="0" coveredconditionals="0" statements="2" coveredstatements="2" elements="3" coveredelements="3"/>
        </class>
            <line num="19" type="method" name="__construct" crap="1" count="2"/>
            <line num="22" type="stmt" count="2"/>
            <line num="23" type="stmt" count="2"/>
            <metrics loc="24" ncloc="14" classes="1" methods="1" coveredmethods="1" conditionals="0"
                     coveredconditionals="0" statements="2" coveredstatements="2" elements="3" coveredelements="3"/>
      </file>
        <file name="D:\WebProject\MOC-Framework-Mark-V/Component/Template/Component/Exception/EmptyFileException.php">
            <class name="EmptyFileException" namespace="MOC\V\Component\Template\Component\Exception" fullPackage="MOC"
                   package="MOC">
          <metrics methods="1" coveredmethods="1" conditionals="0" coveredconditionals="0" statements="3" coveredstatements="3" elements="4" coveredelements="4"/>
        </class>
            <line num="17" type="method" name="__construct" crap="1" count="2"/>
            <line num="20" type="stmt" count="2"/>
            <line num="22" type="stmt" count="2"/>
            <line num="23" type="stmt" count="2"/>
            <metrics loc="25" ncloc="15" classes="1" methods="1" coveredmethods="1" conditionals="0"
                     coveredconditionals="0" statements="3" coveredstatements="3" elements="4" coveredelements="4"/>
      </file>
        <file name="D:\WebProject\MOC-Framework-Mark-V/Component/Template/Component/Exception/TypeFileException.php">
            <class name="TypeFileException" namespace="MOC\V\Component\Template\Component\Exception" fullPackage="MOC"
                   package="MOC">
          <metrics methods="1" coveredmethods="1" conditionals="0" coveredconditionals="0" statements="3" coveredstatements="3" elements="4" coveredelements="4"/>
        </class>
            <line num="17" type="method" name="__construct" crap="1" count="2"/>
            <line num="20" type="stmt" count="2"/>
            <line num="22" type="stmt" count="2"/>
            <line num="23" type="stmt" count="2"/>
            <metrics loc="25" ncloc="15" classes="1" methods="1" coveredmethods="1" conditionals="0"
                     coveredconditionals="0" statements="3" coveredstatements="3" elements="4" coveredelements="4"/>
      </file>
    </package>
        <package name="MOC\V\Component\Template\Component\Option\Repository">
            <file
                name="D:\WebProject\MOC-Framework-Mark-V/Component/Template/Component/Option/Repository/FileOption.php">
                <class name="FileOption" namespace="MOC\V\Component\Template\Component\Option\Repository"
                       fullPackage="MOC" package="MOC">
          <metrics methods="3" coveredmethods="3" conditionals="0" coveredconditionals="0" statements="10" coveredstatements="10" elements="13" coveredelements="13"/>
        </class>
                <line num="23" type="method" name="__construct" crap="1" count="4"/>
                <line num="26" type="stmt" count="4"/>
                <line num="27" type="stmt" count="4"/>
                <line num="32" type="method" name="getFile" crap="1" count="4"/>
        <line num="35" type="stmt" count="4"/>
                <line num="44" type="method" name="setFile" crap="3" count="4"/>
                <line num="47" type="stmt" count="4"/>
                <line num="48" type="stmt" count="1"/>
                <line num="50" type="stmt" count="4"/>
                <line num="51" type="stmt" count="4"/>
                <line num="52" type="stmt" count="4"/>
                <line num="53" type="stmt" count="1"/>
                <line num="56" type="stmt" count="4"/>
                <metrics loc="57" ncloc="39" classes="1" methods="3" coveredmethods="3" conditionals="0"
                         coveredconditionals="0" statements="10" coveredstatements="10" elements="13"
                         coveredelements="13"/>
      </file>
    </package>
    <package name="MOC\V\Component\Template\Component">
        <file name="D:\WebProject\MOC-Framework-Mark-V/Component/Template/Component/Vendor.php">
        <class name="Vendor" namespace="MOC\V\Component\Template\Component" fullPackage="MOC" package="MOC">
          <metrics methods="3" coveredmethods="3" conditionals="0" coveredconditionals="0" statements="5" coveredstatements="5" elements="8" coveredelements="8"/>
        </class>
            <line num="18" type="method" name="__construct" crap="1" count="4"/>
            <line num="21" type="stmt" count="4"/>
            <line num="22" type="stmt" count="4"/>
            <line num="27" type="method" name="getBridgeInterface" crap="1" count="4"/>
            <line num="30" type="stmt" count="4"/>
            <line num="38" type="method" name="setBridgeInterface" crap="1" count="4"/>
            <line num="41" type="stmt" count="4"/>
            <line num="42" type="stmt" count="4"/>
            <metrics loc="44" ncloc="27" classes="1" methods="3" coveredmethods="3" conditionals="0"
                     coveredconditionals="0" statements="5" coveredstatements="5" elements="8" coveredelements="8"/>
      </file>
    </package>
    <package name="MOC\V\Component\Template\Exception">
        <file name="D:\WebProject\MOC-Framework-Mark-V/Component/Template/Exception/TemplateException.php">
            <class name="TemplateException" namespace="MOC\V\Component\Template\Exception" fullPackage="MOC"
                   package="MOC">
          <metrics methods="1" coveredmethods="1" conditionals="0" coveredconditionals="0" statements="2" coveredstatements="2" elements="3" coveredelements="3"/>
        </class>
            <line num="19" type="method" name="__construct" crap="1" count="3"/>
            <line num="22" type="stmt" count="3"/>
            <line num="23" type="stmt" count="3"/>
            <metrics loc="24" ncloc="14" classes="1" methods="1" coveredmethods="1" conditionals="0"
                     coveredconditionals="0" statements="2" coveredstatements="2" elements="3" coveredelements="3"/>
      </file>
        <file name="D:\WebProject\MOC-Framework-Mark-V/Component/Template/Exception/TemplateTypeException.php">
            <class name="TemplateTypeException" namespace="MOC\V\Component\Template\Exception" fullPackage="MOC"
                   package="MOC">
          <metrics methods="1" coveredmethods="1" conditionals="0" coveredconditionals="0" statements="3" coveredstatements="3" elements="4" coveredelements="4"/>
        </class>
            <line num="17" type="method" name="__construct" crap="1" count="2"/>
            <line num="19" type="stmt" count="2"/>
            <line num="21" type="stmt" count="2"/>
            <line num="22" type="stmt" count="2"/>
            <metrics loc="23" ncloc="13" classes="1" methods="1" coveredmethods="1" conditionals="0"
                     coveredconditionals="0" statements="3" coveredstatements="3" elements="4" coveredelements="4"/>
      </file>
    </package>
    <package name="MOC\V\Component\Template">
        <file name="D:\WebProject\MOC-Framework-Mark-V/Component/Template/Template.php">
            <class name="Template" namespace="MOC\V\Component\Template" fullPackage="MOC" package="MOC">
          <metrics methods="7" coveredmethods="7" conditionals="0" coveredconditionals="0" statements="20" coveredstatements="20" elements="27" coveredelements="27"/>
        </class>
            <line num="25" type="method" name="__construct" crap="1" count="3"/>
            <line num="28" type="stmt" count="3"/>
            <line num="29" type="stmt" count="3"/>
            <line num="37" type="method" name="getTemplate" crap="2" count="1"/>
            <line num="40" type="stmt" count="1"/>
            <line num="41" type="stmt" count="1"/>
            <line num="42" type="stmt" count="1"/>
            <line num="45" type="stmt" count="1"/>
            <line num="46" type="stmt" count="1"/>
            <line num="49" type="stmt" count="1"/>
            <line num="57" type="method" name="getTwigTemplate" crap="1" count="2"/>
            <line num="60" type="stmt" count="2"/>
            <line num="61" type="stmt" count="2"/>
            <line num="62" type="stmt" count="2"/>
            <line num="63" type="stmt" count="2"/>
            <line num="64" type="stmt" count="2"/>
            <line num="66" type="stmt" count="2"/>
            <line num="68" type="stmt" count="1"/>
            <line num="74" type="method" name="getBridgeInterface" crap="1" count="3"/>
            <line num="77" type="stmt" count="3"/>
            <line num="83" type="method" name="getVendorInterface" crap="1" count="1"/>
            <line num="86" type="stmt" count="1"/>
            <line num="94" type="method" name="setVendorInterface" crap="1" count="3"/>
            <line num="97" type="stmt" count="3"/>
            <line num="98" type="stmt" count="3"/>
            <line num="106" type="method" name="setBridgeInterface" crap="1" count="1"/>
            <line num="109" type="stmt" count="1"/>
            <metrics loc="111" ncloc="75" classes="1" methods="7" coveredmethods="7" conditionals="0"
                     coveredconditionals="0" statements="20" coveredstatements="20" elements="27" coveredelements="27"/>
      </file>
    </package>
    <package name="MOC\V\Core\AutoLoader">
        <file name="D:\WebProject\MOC-Framework-Mark-V/Core/AutoLoader/AutoLoader.php">
        <class name="AutoLoader" namespace="MOC\V\Core\AutoLoader" fullPackage="MOC" package="MOC">
            <metrics methods="7" coveredmethods="7" conditionals="0" coveredconditionals="0" statements="18"
                     coveredstatements="18" elements="25" coveredelements="25"/>
        </class>
            <line num="49" type="method" name="__construct" crap="1" count="8"/>
            <line num="52" type="stmt" count="8"/>
            <line num="53" type="stmt" count="8"/>
            <line num="62" type="method" name="getNamespaceAutoLoader" crap="1" count="6"/>
            <line num="65" type="stmt" count="6"/>
            <line num="74" type="method" name="getUniversalNamespaceAutoLoader" crap="1" count="7"/>
            <line num="77" type="stmt" count="7"/>
            <line num="78" type="stmt" count="7"/>
            <line num="79" type="stmt" count="7"/>
            <line num="80" type="stmt" count="7"/>
            <line num="81" type="stmt" count="7"/>
            <line num="82" type="stmt" count="7"/>
            <line num="83" type="stmt" count="7"/>
            <line num="84" type="stmt" count="7"/>
            <line num="85" type="stmt" count="7"/>
            <line num="87" type="stmt" count="7"/>
            <line num="93" type="method" name="getBridgeInterface" crap="1" count="8"/>
            <line num="96" type="stmt" count="8"/>
            <line num="102" type="method" name="getVendorInterface" crap="1" count="1"/>
            <line num="105" type="stmt" count="1"/>
            <line num="113" type="method" name="setVendorInterface" crap="1" count="8"/>
            <line num="116" type="stmt" count="8"/>
            <line num="117" type="stmt" count="8"/>
            <line num="125" type="method" name="setBridgeInterface" crap="1" count="1"/>
            <line num="128" type="stmt" count="1"/>
            <metrics loc="130" ncloc="92" classes="1" methods="7" coveredmethods="7" conditionals="0"
                     coveredconditionals="0" statements="18" coveredstatements="18" elements="25" coveredelements="25"/>
      </file>
    </package>
    <package name="MOC\V\Core\AutoLoader\Component\Bridge">
        <file name="D:\WebProject\MOC-Framework-Mark-V/Core/AutoLoader/Component/Bridge/Bridge.php">
        <class name="Bridge" namespace="MOC\V\Core\AutoLoader\Component\Bridge" fullPackage="MOC" package="MOC">
          <metrics methods="2" coveredmethods="2" conditionals="0" coveredconditionals="0" statements="4" coveredstatements="4" elements="6" coveredelements="6"/>
        </class>
            <line num="17" type="method" name="registerLoader" crap="1" count="8"/>
            <line num="20" type="stmt" count="8"/>
            <line num="21" type="stmt" count="8"/>
            <line num="27" type="method" name="unregisterLoader" crap="1" count="3"/>
            <line num="30" type="stmt" count="3"/>
            <line num="31" type="stmt" count="3"/>
            <metrics loc="34" ncloc="23" classes="1" methods="2" coveredmethods="2" conditionals="0"
                     coveredconditionals="0" statements="4" coveredstatements="4" elements="6" coveredelements="6"/>
      </file>
        <file name="D:\WebProject\MOC-Framework-Mark-V/Core/AutoLoader/Component/Bridge/UniversalNamespace.php">
        <class name="UniversalNamespace" namespace="MOC\V\Core\AutoLoader\Component\Bridge" fullPackage="MOC" package="MOC">
          <metrics methods="3" coveredmethods="3" conditionals="0" coveredconditionals="0" statements="5" coveredstatements="5" elements="8" coveredelements="8"/>
        </class>
            <line num="20" type="method" name="__construct" crap="1" count="8"/>
            <line num="23" type="stmt" count="8"/>
            <line num="24" type="stmt" count="8"/>
            <line num="31" type="method" name="loadSourceFile" crap="1" count="21"/>
            <line num="34" type="stmt" count="21"/>
            <line num="43" type="method" name="addNamespaceDirectoryMapping" crap="1" count="8"/>
            <line num="46" type="stmt" count="8"/>
            <line num="47" type="stmt" count="8"/>
            <metrics loc="49" ncloc="32" classes="1" methods="3" coveredmethods="3" conditionals="0"
                     coveredconditionals="0" statements="5" coveredstatements="5" elements="8" coveredelements="8"/>
      </file>
    </package>
    <package name="MOC\V\Core\AutoLoader\Component\Exception">
        <file name="D:\WebProject\MOC-Framework-Mark-V/Core/AutoLoader/Component/Exception/ComponentException.php">
            <class name="ComponentException" namespace="MOC\V\Core\AutoLoader\Component\Exception" fullPackage="MOC"
                   package="MOC">
          <metrics methods="1" coveredmethods="1" conditionals="0" coveredconditionals="0" statements="2" coveredstatements="2" elements="3" coveredelements="3"/>
        </class>
            <line num="19" type="method" name="__construct" crap="1" count="3"/>
            <line num="22" type="stmt" count="3"/>
            <line num="23" type="stmt" count="3"/>
            <metrics loc="24" ncloc="14" classes="1" methods="1" coveredmethods="1" conditionals="0"
                     coveredconditionals="0" statements="2" coveredstatements="2" elements="3" coveredelements="3"/>
      </file>
        <file
            name="D:\WebProject\MOC-Framework-Mark-V/Core/AutoLoader/Component/Exception/DirectoryNotFoundException.php">
            <class name="DirectoryNotFoundException" namespace="MOC\V\Core\AutoLoader\Component\Exception"
                   fullPackage="MOC" package="MOC">
          <metrics methods="1" coveredmethods="1" conditionals="0" coveredconditionals="0" statements="2" coveredstatements="2" elements="3" coveredelements="3"/>
        </class>
            <line num="17" type="method" name="__construct" crap="1" count="2"/>
            <line num="20" type="stmt" count="2"/>
            <line num="21" type="stmt" count="2"/>
            <metrics loc="22" ncloc="12" classes="1" methods="1" coveredmethods="1" conditionals="0"
                     coveredconditionals="0" statements="2" coveredstatements="2" elements="3" coveredelements="3"/>
      </file>
        <file name="D:\WebProject\MOC-Framework-Mark-V/Core/AutoLoader/Component/Exception/EmptyDirectoryException.php">
            <class name="EmptyDirectoryException" namespace="MOC\V\Core\AutoLoader\Component\Exception"
                   fullPackage="MOC" package="MOC">
          <metrics methods="1" coveredmethods="1" conditionals="0" coveredconditionals="0" statements="2" coveredstatements="2" elements="3" coveredelements="3"/>
        </class>
            <line num="17" type="method" name="__construct" crap="1" count="2"/>
            <line num="20" type="stmt" count="2"/>
            <line num="21" type="stmt" count="2"/>
            <metrics loc="22" ncloc="12" classes="1" methods="1" coveredmethods="1" conditionals="0"
                     coveredconditionals="0" statements="2" coveredstatements="2" elements="3" coveredelements="3"/>
      </file>
        <file name="D:\WebProject\MOC-Framework-Mark-V/Core/AutoLoader/Component/Exception/EmptyNamespaceException.php">
            <class name="EmptyNamespaceException" namespace="MOC\V\Core\AutoLoader\Component\Exception"
                   fullPackage="MOC" package="MOC">
          <metrics methods="1" coveredmethods="1" conditionals="0" coveredconditionals="0" statements="2" coveredstatements="2" elements="3" coveredelements="3"/>
        </class>
            <line num="17" type="method" name="__construct" crap="1" count="2"/>
            <line num="20" type="stmt" count="2"/>
            <line num="21" type="stmt" count="2"/>
            <metrics loc="22" ncloc="12" classes="1" methods="1" coveredmethods="1" conditionals="0"
                     coveredconditionals="0" statements="2" coveredstatements="2" elements="3" coveredelements="3"/>
      </file>
    </package>
        <package name="MOC\V\Core\AutoLoader\Component\Option\Repository">
            <file
                name="D:\WebProject\MOC-Framework-Mark-V/Core/AutoLoader/Component/Option/Repository/DirectoryOption.php">
                <class name="DirectoryOption" namespace="MOC\V\Core\AutoLoader\Component\Option\Repository"
                       fullPackage="MOC" package="MOC">
          <metrics methods="3" coveredmethods="3" conditionals="0" coveredconditionals="0" statements="10" coveredstatements="10" elements="13" coveredelements="13"/>
        </class>
                <line num="23" type="method" name="__construct" crap="1" count="9"/>
                <line num="26" type="stmt" count="9"/>
                <line num="27" type="stmt" count="9"/>
                <line num="32" type="method" name="getDirectory" crap="1" count="9"/>
                <line num="35" type="stmt" count="9"/>
                <line num="44" type="method" name="setDirectory" crap="3" count="9"/>
                <line num="47" type="stmt" count="9"/>
                <line num="48" type="stmt" count="1"/>
                <line num="50" type="stmt" count="9"/>
                <line num="51" type="stmt" count="9"/>
                <line num="52" type="stmt" count="9"/>
                <line num="53" type="stmt" count="1"/>
                <line num="55" type="stmt" count="9"/>
                <metrics loc="57" ncloc="39" classes="1" methods="3" coveredmethods="3" conditionals="0"
                         coveredconditionals="0" statements="10" coveredstatements="10" elements="13"
                         coveredelements="13"/>
      </file>
            <file
                name="D:\WebProject\MOC-Framework-Mark-V/Core/AutoLoader/Component/Option/Repository/NamespaceOption.php">
                <class name="NamespaceOption" namespace="MOC\V\Core\AutoLoader\Component\Option\Repository"
                       fullPackage="MOC" package="MOC">
          <metrics methods="3" coveredmethods="3" conditionals="0" coveredconditionals="0" statements="8" coveredstatements="8" elements="11" coveredelements="11"/>
        </class>
                <line num="22" type="method" name="__construct" crap="1" count="9"/>
                <line num="25" type="stmt" count="9"/>
                <line num="27" type="stmt" count="9"/>
                <line num="32" type="method" name="getNamespace" crap="1" count="9"/>
                <line num="35" type="stmt" count="9"/>
                <line num="43" type="method" name="setNamespace" crap="2" count="9"/>
                <line num="46" type="stmt" count="9"/>
                <line num="47" type="stmt" count="9"/>
                <line num="48" type="stmt" count="1"/>
                <line num="50" type="stmt" count="9"/>
                <line num="52" type="stmt" count="9"/>
                <metrics loc="54" ncloc="37" classes="1" methods="3" coveredmethods="3" conditionals="0"
                         coveredconditionals="0" statements="8" coveredstatements="8" elements="11"
                         coveredelements="11"/>
      </file>
    </package>
    <package name="MOC\V\Core\AutoLoader\Component">
        <file name="D:\WebProject\MOC-Framework-Mark-V/Core/AutoLoader/Component/Vendor.php">
        <class name="Vendor" namespace="MOC\V\Core\AutoLoader\Component" fullPackage="MOC" package="MOC">
          <metrics methods="3" coveredmethods="3" conditionals="0" coveredconditionals="0" statements="5" coveredstatements="5" elements="8" coveredelements="8"/>
        </class>
            <line num="18" type="method" name="__construct" crap="1" count="9"/>
            <line num="21" type="stmt" count="9"/>
            <line num="22" type="stmt" count="9"/>
            <line num="27" type="method" name="getBridgeInterface" crap="1" count="9"/>
            <line num="30" type="stmt" count="9"/>
            <line num="38" type="method" name="setBridgeInterface" crap="1" count="9"/>
            <line num="41" type="stmt" count="9"/>
            <line num="42" type="stmt" count="9"/>
            <metrics loc="44" ncloc="27" classes="1" methods="3" coveredmethods="3" conditionals="0"
                     coveredconditionals="0" statements="5" coveredstatements="5" elements="8" coveredelements="8"/>
      </file>
    </package>
    <package name="MOC\V\Core\AutoLoader\Exception">
        <file name="D:\WebProject\MOC-Framework-Mark-V/Core/AutoLoader/Exception/AutoLoaderException.php">
        <class name="AutoLoaderException" namespace="MOC\V\Core\AutoLoader\Exception" fullPackage="MOC" package="MOC">
          <metrics methods="1" coveredmethods="1" conditionals="0" coveredconditionals="0" statements="2" coveredstatements="2" elements="3" coveredelements="3"/>
        </class>
            <line num="14" type="method" name="__construct" crap="1" count="3"/>
            <line num="17" type="stmt" count="3"/>
            <line num="18" type="stmt" count="3"/>
            <metrics loc="19" ncloc="14" classes="1" methods="1" coveredmethods="1" conditionals="0"
                     coveredconditionals="0" statements="2" coveredstatements="2" elements="3" coveredelements="3"/>
      </file>
    </package>
    <package name="MOC\V\Core\AutoLoader\Vendor\Universal">
        <file name="D:\WebProject\MOC-Framework-Mark-V/Core/AutoLoader/Vendor/Universal/NamespaceLoader.php">
            <class name="NamespaceLoader" namespace="MOC\V\Core\AutoLoader\Vendor\Universal" fullPackage="MOC"
                   package="MOC">
                <metrics methods="5" coveredmethods="5" conditionals="0" coveredconditionals="0" statements="24"
                         coveredstatements="24" elements="29" coveredelements="29"/>
        </class>
            <line num="17" type="method" name="loadClass" crap="3" count="21"/>
            <line num="20" type="stmt" count="21"/>
            <line num="21" type="stmt" count="21"/>
            <line num="22" type="stmt" count="20"/>
            <line num="24" type="stmt" count="5"/>
            <line num="32" type="method" name="findSource" crap="9" count="21"/>
            <line num="35" type="stmt" count="21"/>
            <line num="40" type="stmt" count="21"/>
            <line num="41" type="stmt" count="21"/>
            <line num="42" type="stmt" count="5"/>
            <line num="44" type="stmt" count="20"/>
            <line num="46" type="stmt" count="20"/>
            <line num="47" type="stmt" count="20"/>
            <line num="48" type="stmt" count="20"/>
            <line num="49" type="stmt" count="2"/>
            <line num="50" type="stmt" count="20"/>
            <line num="51" type="stmt" count="20"/>
            <line num="53" type="stmt" count="5"/>
            <line num="54" type="stmt" count="5"/>
            <line num="62" type="method" name="getClassNamespace" crap="1" count="21"/>
            <line num="65" type="stmt" count="21"/>
            <line num="66" type="stmt" count="21"/>
            <line num="74" type="method" name="findInclude" crap="2" count="5"/>
            <line num="77" type="stmt" count="5"/>
            <line num="78" type="stmt" count="5"/>
            <line num="85" type="stmt" count="5"/>
            <line num="93" type="method" name="getClassName" crap="2" count="5"/>
            <line num="96" type="stmt" count="5"/>
            <line num="97" type="stmt" count="5"/>
            <metrics loc="100" ncloc="61" classes="1" methods="5" coveredmethods="5" conditionals="0"
                     coveredconditionals="0" statements="24" coveredstatements="24" elements="29" coveredelements="29"/>
      </file>
        <file name="D:\WebProject\MOC-Framework-Mark-V/Core/AutoLoader/Vendor/Universal/NamespaceMapping.php">
        <class name="NamespaceMapping" namespace="MOC\V\Core\AutoLoader\Vendor\Universal" fullPackage="MOC" package="MOC">
            <metrics methods="3" coveredmethods="3" conditionals="0" coveredconditionals="0" statements="11"
                     coveredstatements="11" elements="14" coveredelements="14"/>
        </class>
            <line num="23" type="method" name="addNamespaceMapping" crap="3" count="8"/>
            <line num="26" type="stmt" count="8"/>
            <line num="27" type="stmt" count="8"/>
            <line num="28" type="stmt" count="8"/>
            <line num="29" type="stmt" count="8"/>
            <line num="30" type="stmt" count="8"/>
            <line num="31" type="stmt" count="8"/>
            <line num="32" type="stmt" count="8"/>
            <line num="33" type="stmt" count="8"/>
            <line num="34" type="stmt" count="8"/>
            <line num="41" type="method" name="getNamespaceMapping" crap="2" count="20"/>
            <line num="44" type="stmt" count="20"/>
            <line num="50" type="method" name="getNamespaceList" crap="1" count="21"/>
            <line num="53" type="stmt" count="21"/>
            <metrics loc="55" ncloc="35" classes="1" methods="3" coveredmethods="3" conditionals="0"
                     coveredconditionals="0" statements="11" coveredstatements="11" elements="14" coveredelements="14"/>
      </file>
        <file name="D:\WebProject\MOC-Framework-Mark-V/Core/AutoLoader/Vendor/Universal/NamespaceSearch.php">
            <class name="NamespaceSearch" namespace="MOC\V\Core\AutoLoader\Vendor\Universal" fullPackage="MOC"
                   package="MOC">
                <metrics methods="4" coveredmethods="4" conditionals="0" coveredconditionals="0" statements="16"
                         coveredstatements="16" elements="20" coveredelements="20"/>
        </class>
            <line num="19" type="method" name="searchForInterfaceFallback" crap="1" count="2"/>
            <line num="22" type="stmt" count="2"/>
            <line num="23" type="stmt" count="2"/>
            <line num="24" type="stmt" count="2"/>
            <line num="33" type="method" name="searchForInterface" crap="1" count="2"/>
            <line num="36" type="stmt" count="2"/>
            <line num="37" type="stmt" count="2"/>
            <line num="46" type="method" name="searchForClass" crap="3" count="20"/>
            <line num="49" type="stmt" count="20"/>
            <line num="50" type="stmt" count="20"/>
            <line num="51" type="stmt" count="20"/>
            <line num="52" type="stmt" count="20"/>
            <line num="54" type="stmt" count="20"/>
            <line num="55" type="stmt" count="20"/>
            <line num="57" type="stmt" count="20"/>
            <line num="58" type="stmt" count="20"/>
            <line num="68" type="method" name="searchForClassFallback" crap="1" count="20"/>
            <line num="71" type="stmt" count="20"/>
            <line num="72" type="stmt" count="20"/>
            <line num="73" type="stmt" count="20"/>
            <metrics loc="75" ncloc="43" classes="1" methods="4" coveredmethods="4" conditionals="0"
                     coveredconditionals="0" statements="16" coveredstatements="16" elements="20" coveredelements="20"/>
      </file>
    </package>
    <package name="MOC\V\Core\FileSystem\Component\Bridge">
        <file name="D:\WebProject\MOC-Framework-Mark-V/Core/FileSystem/Component/Bridge/UniversalFileLoader.php">
            <class name="UniversalFileLoader" namespace="MOC\V\Core\FileSystem\Component\Bridge" fullPackage="MOC"
                   package="MOC">
          <metrics methods="2" coveredmethods="2" conditionals="0" coveredconditionals="0" statements="3" coveredstatements="3" elements="5" coveredelements="5"/>
        </class>
            <line num="22" type="method" name="__construct" crap="1" count="3"/>
            <line num="25" type="stmt" count="3"/>
            <line num="26" type="stmt" count="3"/>
            <line num="31" type="method" name="getLocation" crap="1" count="1"/>
            <line num="34" type="stmt" count="1"/>
            <metrics loc="37" ncloc="25" classes="1" methods="2" coveredmethods="2" conditionals="0"
                     coveredconditionals="0" statements="3" coveredstatements="3" elements="5" coveredelements="5"/>
      </file>
        <file name="D:\WebProject\MOC-Framework-Mark-V/Core/FileSystem/Component/Bridge/UniversalFileWriter.php">
            <class name="UniversalFileWriter" namespace="MOC\V\Core\FileSystem\Component\Bridge" fullPackage="MOC"
                   package="MOC">
                <metrics methods="2" coveredmethods="2" conditionals="0" coveredconditionals="0" statements="3"
                         coveredstatements="3" elements="5" coveredelements="5"/>
            </class>
            <line num="22" type="method" name="__construct" crap="1" count="3"/>
            <line num="25" type="stmt" count="3"/>
            <line num="26" type="stmt" count="3"/>
            <line num="31" type="method" name="getLocation" crap="1" count="1"/>
            <line num="34" type="stmt" count="1"/>
            <metrics loc="37" ncloc="25" classes="1" methods="2" coveredmethods="2" conditionals="0"
                     coveredconditionals="0" statements="3" coveredstatements="3" elements="5" coveredelements="5"/>
        </file>
    </package>
    <package name="MOC\V\Core\FileSystem\Component\Exception">
        <file name="D:\WebProject\MOC-Framework-Mark-V/Core/FileSystem/Component/Exception/ComponentException.php">
            <class name="ComponentException" namespace="MOC\V\Core\FileSystem\Component\Exception" fullPackage="MOC"
                   package="MOC">
          <metrics methods="1" coveredmethods="1" conditionals="0" coveredconditionals="0" statements="2" coveredstatements="2" elements="3" coveredelements="3"/>
        </class>
            <line num="19" type="method" name="__construct" crap="1" count="7"/>
            <line num="22" type="stmt" count="7"/>
            <line num="23" type="stmt" count="7"/>
            <metrics loc="24" ncloc="14" classes="1" methods="1" coveredmethods="1" conditionals="0"
                     coveredconditionals="0" statements="2" coveredstatements="2" elements="3" coveredelements="3"/>
      </file>
        <file name="D:\WebProject\MOC-Framework-Mark-V/Core/FileSystem/Component/Exception/EmptyDirectoryException.php">
            <class name="EmptyDirectoryException" namespace="MOC\V\Core\FileSystem\Component\Exception"
                   fullPackage="MOC" package="MOC">
          <metrics methods="1" coveredmethods="1" conditionals="0" coveredconditionals="0" statements="3" coveredstatements="3" elements="4" coveredelements="4"/>
        </class>
            <line num="17" type="method" name="__construct" crap="1" count="2"/>
            <line num="20" type="stmt" count="2"/>
            <line num="22" type="stmt" count="2"/>
            <line num="23" type="stmt" count="2"/>
            <metrics loc="25" ncloc="15" classes="1" methods="1" coveredmethods="1" conditionals="0"
                     coveredconditionals="0" statements="3" coveredstatements="3" elements="4" coveredelements="4"/>
      </file>
        <file name="D:\WebProject\MOC-Framework-Mark-V/Core/FileSystem/Component/Exception/EmptyFileException.php">
            <class name="EmptyFileException" namespace="MOC\V\Core\FileSystem\Component\Exception" fullPackage="MOC"
                   package="MOC">
          <metrics methods="1" coveredmethods="1" conditionals="0" coveredconditionals="0" statements="3" coveredstatements="3" elements="4" coveredelements="4"/>
        </class>
            <line num="17" type="method" name="__construct" crap="1" count="2"/>
            <line num="20" type="stmt" count="2"/>
            <line num="22" type="stmt" count="2"/>
            <line num="23" type="stmt" count="2"/>
            <metrics loc="25" ncloc="15" classes="1" methods="1" coveredmethods="1" conditionals="0"
                     coveredconditionals="0" statements="3" coveredstatements="3" elements="4" coveredelements="4"/>
      </file>
        <file
            name="D:\WebProject\MOC-Framework-Mark-V/Core/FileSystem/Component/Exception/MissingDirectoryException.php">
            <class name="MissingDirectoryException" namespace="MOC\V\Core\FileSystem\Component\Exception"
                   fullPackage="MOC" package="MOC">
          <metrics methods="1" coveredmethods="1" conditionals="0" coveredconditionals="0" statements="3" coveredstatements="3" elements="4" coveredelements="4"/>
        </class>
            <line num="17" type="method" name="__construct" crap="1" count="1"/>
            <line num="20" type="stmt" count="1"/>
            <line num="22" type="stmt" count="1"/>
            <line num="23" type="stmt" count="1"/>
            <metrics loc="25" ncloc="15" classes="1" methods="1" coveredmethods="1" conditionals="0"
                     coveredconditionals="0" statements="3" coveredstatements="3" elements="4" coveredelements="4"/>
      </file>
        <file name="D:\WebProject\MOC-Framework-Mark-V/Core/FileSystem/Component/Exception/MissingFileException.php">
            <class name="MissingFileException" namespace="MOC\V\Core\FileSystem\Component\Exception" fullPackage="MOC"
                   package="MOC">
          <metrics methods="1" coveredmethods="1" conditionals="0" coveredconditionals="0" statements="3" coveredstatements="3" elements="4" coveredelements="4"/>
        </class>
            <line num="17" type="method" name="__construct" crap="1" count="1"/>
            <line num="20" type="stmt" count="1"/>
            <line num="22" type="stmt" count="1"/>
            <line num="23" type="stmt" count="1"/>
            <metrics loc="25" ncloc="15" classes="1" methods="1" coveredmethods="1" conditionals="0"
                     coveredconditionals="0" statements="3" coveredstatements="3" elements="4" coveredelements="4"/>
      </file>
        <file name="D:\WebProject\MOC-Framework-Mark-V/Core/FileSystem/Component/Exception/TypeDirectoryException.php">
            <class name="TypeDirectoryException" namespace="MOC\V\Core\FileSystem\Component\Exception" fullPackage="MOC"
                   package="MOC">
          <metrics methods="1" coveredmethods="1" conditionals="0" coveredconditionals="0" statements="3" coveredstatements="3" elements="4" coveredelements="4"/>
        </class>
            <line num="17" type="method" name="__construct" crap="1" count="2"/>
            <line num="20" type="stmt" count="2"/>
            <line num="22" type="stmt" count="2"/>
            <line num="23" type="stmt" count="2"/>
            <metrics loc="25" ncloc="15" classes="1" methods="1" coveredmethods="1" conditionals="0"
                     coveredconditionals="0" statements="3" coveredstatements="3" elements="4" coveredelements="4"/>
      </file>
        <file name="D:\WebProject\MOC-Framework-Mark-V/Core/FileSystem/Component/Exception/TypeFileException.php">
            <class name="TypeFileException" namespace="MOC\V\Core\FileSystem\Component\Exception" fullPackage="MOC"
                   package="MOC">
          <metrics methods="1" coveredmethods="1" conditionals="0" coveredconditionals="0" statements="3" coveredstatements="3" elements="4" coveredelements="4"/>
        </class>
            <line num="17" type="method" name="__construct" crap="1" count="6"/>
            <line num="20" type="stmt" count="6"/>
            <line num="22" type="stmt" count="6"/>
            <line num="23" type="stmt" count="6"/>
            <metrics loc="25" ncloc="15" classes="1" methods="1" coveredmethods="1" conditionals="0"
                     coveredconditionals="0" statements="3" coveredstatements="3" elements="4" coveredelements="4"/>
      </file>
    </package>
        <package name="MOC\V\Core\FileSystem\Component\Option\Repository">
            <file
                name="D:\WebProject\MOC-Framework-Mark-V/Core/FileSystem/Component/Option/Repository/DirectoryOption.php">
                <class name="DirectoryOption" namespace="MOC\V\Core\FileSystem\Component\Option\Repository"
                       fullPackage="MOC" package="MOC">
          <metrics methods="3" coveredmethods="3" conditionals="0" coveredconditionals="0" statements="10" coveredstatements="10" elements="13" coveredelements="13"/>
        </class>
                <line num="23" type="method" name="__construct" crap="1" count="1"/>
                <line num="26" type="stmt" count="1"/>
[...]
        </class>
            <line num="10" type="method" name="testModule" crap="1" count="1"/>
            <line num="14" type="stmt" count="1"/>
        <line num="15" type="stmt" count="1"/>
        <line num="16" type="stmt" count="1"/>
            <line num="18" type="stmt" count="1"/>
        <line num="19" type="stmt" count="1"/>
        <line num="20" type="stmt" count="1"/>
        <line num="21" type="stmt" count="1"/>
        <line num="22" type="stmt" count="1"/>
        <line num="23" type="stmt" count="1"/>
        <line num="24" type="stmt" count="1"/>
        <line num="25" type="stmt" count="1"/>
        <line num="26" type="stmt" count="1"/>
            <line num="28" type="stmt" count="1"/>
            <line num="30" type="method" name="testStaticUniversalNamespaceAutoLoader" crap="1" count="1"/>
            <line num="33" type="stmt" count="1"/>
            <line num="34" type="stmt" count="1"/>
        <line num="35" type="stmt" count="1"/>
        <line num="36" type="stmt" count="1"/>
            <line num="38" type="method" name="testStaticNamespaceAutoLoader" crap="1" count="1"/>
            <line num="41" type="stmt" count="1"/>
            <line num="42" type="stmt" count="1"/>
            <line num="43" type="stmt" count="1"/>
            <line num="44" type="stmt" count="1"/>
            <metrics loc="45" ncloc="44" classes="1" methods="3" coveredmethods="3" conditionals="0"
                     coveredconditionals="0" statements="21" coveredstatements="21" elements="24" coveredelements="24"/>
      </file>
        <file name="D:\WebProject\MOC-Framework-Mark-V/TestSuite/Tests/Core/AutoLoader/OptionTest.php">
        <class name="OptionTest" namespace="MOC\V\TestSuite\Tests\Core\AutoLoader">
          <metrics methods="3" coveredmethods="3" conditionals="0" coveredconditionals="0" statements="21" coveredstatements="21" elements="24" coveredelements="24"/>
        </class>
        <line num="10" type="method" name="testAbstractOption" crap="1" count="1"/>
        <line num="14" type="stmt" count="1"/>
        <line num="16" type="stmt" count="1"/>
        <line num="17" type="stmt" count="1"/>
        <line num="19" type="stmt" count="1"/>
            <line num="21" type="method" name="testNamespaceOption" crap="2" count="1"/>
            <line num="25" type="stmt" count="1"/>
        <line num="26" type="stmt" count="1"/>
        <line num="27" type="stmt" count="1"/>
            <line num="30" type="stmt" count="1"/>
        <line num="31" type="stmt" count="1"/>
            <line num="33" type="stmt" count="1"/>
        <line num="34" type="stmt" count="1"/>
            <line num="36" type="stmt" count="1"/>
            <line num="38" type="method" name="testDirectoryOption" crap="3" count="1"/>
            <line num="42" type="stmt" count="1"/>
            <line num="43" type="stmt" count="1"/>
        <line num="44" type="stmt" count="1"/>
            <line num="47" type="stmt" count="1"/>
            <line num="48" type="stmt" count="1"/>
        <line num="50" type="stmt" count="1"/>
            <line num="51" type="stmt" count="1"/>
        <line num="52" type="stmt" count="1"/>
            <line num="55" type="stmt" count="1"/>
            <metrics loc="57" ncloc="56" classes="1" methods="3" coveredmethods="3" conditionals="0"
                     coveredconditionals="0" statements="21" coveredstatements="21" elements="24" coveredelements="24"/>
      </file>
        <file name="D:\WebProject\MOC-Framework-Mark-V/TestSuite/Tests/Core/AutoLoader/VendorTest.php">
        <class name="VendorTest" namespace="MOC\V\TestSuite\Tests\Core\AutoLoader">
          <metrics methods="1" coveredmethods="1" conditionals="0" coveredconditionals="0" statements="7" coveredstatements="7" elements="8" coveredelements="8"/>
        </class>
            <line num="9" type="method" name="testVendor" crap="1" count="1"/>
            <line num="13" type="stmt" count="1"/>
            <line num="15" type="stmt" count="1"/>
            <line num="17" type="stmt" count="1"/>
        <line num="18" type="stmt" count="1"/>
            <line num="20" type="stmt" count="1"/>
        <line num="21" type="stmt" count="1"/>
        <line num="22" type="stmt" count="1"/>
            <metrics loc="23" ncloc="22" classes="1" methods="1" coveredmethods="1" conditionals="0"
                     coveredconditionals="0" statements="7" coveredstatements="7" elements="8" coveredelements="8"/>
      </file>
    </package>
    <package name="MOC\V\TestSuite\Tests\Core\FileSystem">
        <file name="D:\WebProject\MOC-Framework-Mark-V/TestSuite/Tests/Core/FileSystem/BridgeTest.php">
        <class name="BridgeTest" namespace="MOC\V\TestSuite\Tests\Core\FileSystem">
            <metrics methods="2" coveredmethods="2" conditionals="0" coveredconditionals="0" statements="8"
                     coveredstatements="8" elements="10" coveredelements="10"/>
        </class>
            <line num="11" type="method" name="testUniversalFileLoader" crap="1" count="1"/>
            <line num="14" type="stmt" count="1"/>
        <line num="15" type="stmt" count="1"/>
        <line num="16" type="stmt" count="1"/>
        <line num="17" type="stmt" count="1"/>
            <line num="19" type="method" name="testUniversalFileWriter" crap="1" count="1"/>
            <line num="22" type="stmt" count="1"/>
            <line num="23" type="stmt" count="1"/>
            <line num="24" type="stmt" count="1"/>
            <line num="25" type="stmt" count="1"/>
            <metrics loc="26" ncloc="26" classes="1" methods="2" coveredmethods="2" conditionals="0"
                     coveredconditionals="0" statements="8" coveredstatements="8" elements="10" coveredelements="10"/>
      </file>
        <file name="D:\WebProject\MOC-Framework-Mark-V/TestSuite/Tests/Core/FileSystem/ExceptionTest.php">
        <class name="ExceptionTest" namespace="MOC\V\TestSuite\Tests\Core\FileSystem">
          <metrics methods="1" coveredmethods="1" conditionals="0" coveredconditionals="0" statements="25" coveredstatements="25" elements="26" coveredelements="26"/>
        </class>
            <line num="16" type="method" name="testFileSystemException" crap="9" count="1"/>
            <line num="20" type="stmt" count="1"/>
        <line num="21" type="stmt" count="1"/>
        <line num="22" type="stmt" count="1"/>
            <line num="26" type="stmt" count="1"/>
        <line num="27" type="stmt" count="1"/>
        <line num="28" type="stmt" count="1"/>
            <line num="32" type="stmt" count="1"/>
        <line num="33" type="stmt" count="1"/>
        <line num="34" type="stmt" count="1"/>
            <line num="38" type="stmt" count="1"/>
        <line num="39" type="stmt" count="1"/>
        <line num="40" type="stmt" count="1"/>
            <line num="44" type="stmt" count="1"/>
        <line num="45" type="stmt" count="1"/>
        <line num="46" type="stmt" count="1"/>
            <line num="50" type="stmt" count="1"/>
        <line num="51" type="stmt" count="1"/>
        <line num="52" type="stmt" count="1"/>
            <line num="56" type="stmt" count="1"/>
        <line num="57" type="stmt" count="1"/>
        <line num="58" type="stmt" count="1"/>
            <line num="62" type="stmt" count="1"/>
        <line num="63" type="stmt" count="1"/>
        <line num="64" type="stmt" count="1"/>
            <line num="67" type="stmt" count="1"/>
            <metrics loc="69" ncloc="69" classes="1" methods="1" coveredmethods="1" conditionals="0"
                     coveredconditionals="0" statements="25" coveredstatements="25" elements="26" coveredelements="26"/>
      </file>
        <file name="D:\WebProject\MOC-Framework-Mark-V/TestSuite/Tests/Core/FileSystem/ModuleTest.php">
        <class name="ModuleTest" namespace="MOC\V\TestSuite\Tests\Core\FileSystem">
            <metrics methods="5" coveredmethods="5" conditionals="0" coveredconditionals="0" statements="39"
                     coveredstatements="39" elements="44" coveredelements="44"/>
        </class>
            <line num="10" type="method" name="testModule" crap="1" count="1"/>
            <line num="14" type="stmt" count="1"/>
        <line num="15" type="stmt" count="1"/>
        <line num="16" type="stmt" count="1"/>
            <line num="18" type="stmt" count="1"/>
        <line num="19" type="stmt" count="1"/>
        <line num="20" type="stmt" count="1"/>
        <line num="21" type="stmt" count="1"/>
        <line num="22" type="stmt" count="1"/>
        <line num="23" type="stmt" count="1"/>
        <line num="24" type="stmt" count="1"/>
        <line num="25" type="stmt" count="1"/>
        <line num="26" type="stmt" count="1"/>
            <line num="28" type="stmt" count="1"/>
            <line num="30" type="method" name="testStaticUniversalFileLoader" crap="2" count="1"/>
            <line num="34" type="stmt" count="1"/>
            <line num="35" type="stmt" count="1"/>
        <line num="36" type="stmt" count="1"/>
            <line num="39" type="stmt" count="1"/>
        <line num="41" type="stmt" count="1"/>
        <line num="43" type="stmt" count="1"/>
            <line num="44" type="stmt" count="1"/>
            <line num="46" type="method" name="testStaticUniversalFileWriter" crap="2" count="1"/>
            <line num="50" type="stmt" count="1"/>
            <line num="51" type="stmt" count="1"/>
            <line num="52" type="stmt" count="1"/>
            <line num="55" type="stmt" count="1"/>
            <line num="57" type="stmt" count="1"/>
            <line num="59" type="stmt" count="1"/>
            <line num="60" type="stmt" count="1"/>
            <line num="62" type="method" name="testStaticFileWriter" crap="3" count="1"/>
            <line num="66" type="stmt" count="1"/>
            <line num="67" type="stmt" count="1"/>
            <line num="68" type="stmt" count="1"/>
            <line num="71" type="stmt" count="1"/>
            <line num="72" type="stmt" count="1"/>
            <line num="75" type="stmt" count="1"/>
            <line num="77" type="method" name="testStaticFileLoader" crap="3" count="1"/>
            <line num="81" type="stmt" count="1"/>
            <line num="82" type="stmt" count="1"/>
            <line num="83" type="stmt" count="1"/>
            <line num="86" type="stmt" count="1"/>
            <line num="87" type="stmt" count="1"/>
            <line num="90" type="stmt" count="1"/>
            <metrics loc="91" ncloc="90" classes="1" methods="5" coveredmethods="5" conditionals="0"
                     coveredconditionals="0" statements="39" coveredstatements="39" elements="44" coveredelements="44"/>
      </file>
        <file name="D:\WebProject\MOC-Framework-Mark-V/TestSuite/Tests/Core/FileSystem/OptionTest.php">
        <class name="OptionTest" namespace="MOC\V\TestSuite\Tests\Core\FileSystem">
          <metrics methods="3" coveredmethods="3" conditionals="0" coveredconditionals="0" statements="22" coveredstatements="22" elements="25" coveredelements="25"/>
        </class>
            <line num="10" type="method" name="testAbstractOption" crap="1" count="1"/>
            <line num="14" type="stmt" count="1"/>
            <line num="16" type="stmt" count="1"/>
        <line num="17" type="stmt" count="1"/>
            <line num="19" type="stmt" count="1"/>
            <line num="21" type="method" name="testFileOption" crap="3" count="1"/>
            <line num="25" type="stmt" count="1"/>
            <line num="26" type="stmt" count="1"/>
        <line num="27" type="stmt" count="1"/>
            <line num="30" type="stmt" count="1"/>
            <line num="31" type="stmt" count="1"/>
            <line num="34" type="stmt" count="1"/>
            <line num="35" type="stmt" count="1"/>
        <line num="36" type="stmt" count="1"/>
            <line num="39" type="stmt" count="1"/>
            <line num="41" type="method" name="testDirectoryOption" crap="3" count="1"/>
            <line num="45" type="stmt" count="1"/>
            <line num="46" type="stmt" count="1"/>
            <line num="47" type="stmt" count="1"/>
        <line num="50" type="stmt" count="1"/>
            <line num="51" type="stmt" count="1"/>
        <line num="54" type="stmt" count="1"/>
            <line num="55" type="stmt" count="1"/>
            <line num="56" type="stmt" count="1"/>
        <line num="59" type="stmt" count="1"/>
            <metrics loc="61" ncloc="60" classes="1" methods="3" coveredmethods="3" conditionals="0"
                     coveredconditionals="0" statements="22" coveredstatements="22" elements="25" coveredelements="25"/>
      </file>
        <file name="D:\WebProject\MOC-Framework-Mark-V/TestSuite/Tests/Core/FileSystem/VendorTest.php">
        <class name="VendorTest" namespace="MOC\V\TestSuite\Tests\Core\FileSystem">
          <metrics methods="1" coveredmethods="1" conditionals="0" coveredconditionals="0" statements="7" coveredstatements="7" elements="8" coveredelements="8"/>
        </class>
            <line num="9" type="method" name="testVendor" crap="1" count="1"/>
            <line num="13" type="stmt" count="1"/>
            <line num="15" type="stmt" count="1"/>
            <line num="17" type="stmt" count="1"/>
            <line num="18" type="stmt" count="1"/>
            <line num="20" type="stmt" count="1"/>
            <line num="21" type="stmt" count="1"/>
            <line num="22" type="stmt" count="1"/>
            <metrics loc="23" ncloc="22" classes="1" methods="1" coveredmethods="1" conditionals="0"
                     coveredconditionals="0" statements="7" coveredstatements="7" elements="8" coveredelements="8"/>
        </file>
    </package>
        <package name="MOC\V\TestSuite\Tests\Core\HttpKernel">
            <file name="D:\WebProject\MOC-Framework-Mark-V/TestSuite/Tests/Core/HttpKernel/BridgeTest.php">
                <class name="BridgeTest" namespace="MOC\V\TestSuite\Tests\Core\HttpKernel" fullPackage="MOC"
                       package="MOC">
                    <metrics methods="1" coveredmethods="1" conditionals="0" coveredconditionals="0" statements="1"
                             coveredstatements="1" elements="2" coveredelements="2"/>
                </class>
                <line num="12" type="method" name="testUniversalRequest" crap="1" count="1"/>
                <line num="15" type="stmt" count="1"/>
                <metrics loc="17" ncloc="12" classes="1" methods="1" coveredmethods="1" conditionals="0"
                         coveredconditionals="0" statements="1" coveredstatements="1" elements="2" coveredelements="2"/>
            </file>
            <file name="D:\WebProject\MOC-Framework-Mark-V/TestSuite/Tests/Core/HttpKernel/ExceptionTest.php">
                <class name="ExceptionTest" namespace="MOC\V\TestSuite\Tests\Core\HttpKernel" fullPackage="MOC"
                       package="MOC">
                    <metrics methods="1" coveredmethods="1" conditionals="0" coveredconditionals="0" statements="7"
                             coveredstatements="7" elements="8" coveredelements="8"/>
                </class>
                <line num="15" type="method" name="testHttpKernelException" crap="3" count="1"/>
                <line num="19" type="stmt" count="1"/>
                <line num="20" type="stmt" count="1"/>
                <line num="21" type="stmt" count="1"/>
                <line num="25" type="stmt" count="1"/>
                <line num="26" type="stmt" count="1"/>
                <line num="27" type="stmt" count="1"/>
                <line num="30" type="stmt" count="1"/>
                <metrics loc="32" ncloc="27" classes="1" methods="1" coveredmethods="1" conditionals="0"
                         coveredconditionals="0" statements="7" coveredstatements="7" elements="8" coveredelements="8"/>
            </file>
            <file name="D:\WebProject\MOC-Framework-Mark-V/TestSuite/Tests/Core/HttpKernel/ModuleTest.php">
                <class name="ModuleTest" namespace="MOC\V\TestSuite\Tests\Core\HttpKernel" fullPackage="MOC"
                       package="MOC">
                    <metrics methods="1" coveredmethods="1" conditionals="0" coveredconditionals="0" statements="13"
                             coveredstatements="13" elements="14" coveredelements="14"/>
                </class>
                <line num="15" type="method" name="testModule" crap="1" count="1"/>
                <line num="19" type="stmt" count="1"/>
                <line num="20" type="stmt" count="1"/>
                <line num="21" type="stmt" count="1"/>
                <line num="23" type="stmt" count="1"/>
                <line num="24" type="stmt" count="1"/>
                <line num="25" type="stmt" count="1"/>
                <line num="26" type="stmt" count="1"/>
                <line num="27" type="stmt" count="1"/>
                <line num="28" type="stmt" count="1"/>
                <line num="29" type="stmt" count="1"/>
                <line num="30" type="stmt" count="1"/>
                <line num="31" type="stmt" count="1"/>
                <line num="32" type="stmt" count="1"/>
                <metrics loc="33" ncloc="27" classes="1" methods="1" coveredmethods="1" conditionals="0"
                         coveredconditionals="0" statements="13" coveredstatements="13" elements="14"
                         coveredelements="14"/>
            </file>
            <file name="D:\WebProject\MOC-Framework-Mark-V/TestSuite/Tests/Core/HttpKernel/OptionTest.php">
                <class name="OptionTest" namespace="MOC\V\TestSuite\Tests\Core\HttpKernel" fullPackage="MOC"
                       package="MOC">
                    <metrics methods="1" coveredmethods="1" conditionals="0" coveredconditionals="0" statements="4"
                             coveredstatements="4" elements="5" coveredelements="5"/>
                </class>
                <line num="12" type="method" name="testAbstractOption" crap="1" count="1"/>
        <line num="16" type="stmt" count="1"/>
        <line num="18" type="stmt" count="1"/>
        <line num="19" type="stmt" count="1"/>
        <line num="21" type="stmt" count="1"/>
                <metrics loc="22" ncloc="16" classes="1" methods="1" coveredmethods="1" conditionals="0"
                         coveredconditionals="0" statements="4" coveredstatements="4" elements="5" coveredelements="5"/>
            </file>
            <file name="D:\WebProject\MOC-Framework-Mark-V/TestSuite/Tests/Core/HttpKernel/VendorTest.php">
                <class name="VendorTest" namespace="MOC\V\TestSuite\Tests\Core\HttpKernel" fullPackage="MOC"
                       package="MOC">
                    <metrics methods="1" coveredmethods="1" conditionals="0" coveredconditionals="0" statements="7"
                             coveredstatements="7" elements="8" coveredelements="8"/>
                </class>
                <line num="14" type="method" name="testVendor" crap="1" count="1"/>
                <line num="18" type="stmt" count="1"/>
                <line num="20" type="stmt" count="1"/>
        <line num="22" type="stmt" count="1"/>
        <line num="23" type="stmt" count="1"/>
                <line num="25" type="stmt" count="1"/>
                <line num="26" type="stmt" count="1"/>
                <line num="27" type="stmt" count="1"/>
                <metrics loc="28" ncloc="22" classes="1" methods="1" coveredmethods="1" conditionals="0"
                         coveredconditionals="0" statements="7" coveredstatements="7" elements="8" coveredelements="8"/>
      </file>
    </package>
        <metrics files="107" loc="4854" ncloc="3422" classes="107" methods="241" coveredmethods="240" conditionals="0"
                 coveredconditionals="0" statements="976" coveredstatements="971" elements="1217"
                 coveredelements="1211"/>
  </project>
</coverage>
