<?xml version="1.0" encoding="UTF-8"?>
<coverage generated="1414581683">
  <project timestamp="1414581683">
    <package name="MOC\V\Component\Database\Component\Bridge">
      <file name="D:\WebProject\MOC-Framework-Mark-V/Component/Database/Component/Bridge/Bridge.php">
        <class name="Bridge" namespace="MOC\V\Component\Database\Component\Bridge" fullPackage="MOC" package="MOC">
          <metrics methods="2" coveredmethods="2" conditionals="0" coveredconditionals="0" statements="4" coveredstatements="4" elements="6" coveredelements="6"/>
        </class>
        <line num="27" type="method" name="prepareStatement" crap="1" count="1"/>
        <line num="30" type="stmt" count="1"/>
        <line num="31" type="stmt" count="1"/>
        <line num="40" type="method" name="defineParameter" crap="1" count="1"/>
        <line num="43" type="stmt" count="1"/>
        <line num="44" type="stmt" count="1"/>
        <metrics loc="46" ncloc="26" classes="1" methods="2" coveredmethods="2" conditionals="0" coveredconditionals="0" statements="4" coveredstatements="4" elements="6" coveredelements="6"/>
      </file>
    </package>
    <package name="MOC\V\Component\Database\Component\Bridge\Repository">
      <file name="D:\WebProject\MOC-Framework-Mark-V/Component/Database/Component/Bridge/Repository/Doctrine2DBAL.php">
        <class name="Doctrine2DBAL" namespace="MOC\V\Component\Database\Component\Bridge\Repository" fullPackage="MOC" package="MOC">
          <metrics methods="6" coveredmethods="6" conditionals="0" coveredconditionals="0" statements="36" coveredstatements="36" elements="42" coveredelements="42"/>
        </class>
        <line num="30" type="method" name="__construct" crap="1" count="3"/>
        <line num="33" type="stmt" count="3"/>
        <line num="34" type="stmt" count="3"/>
        <line num="35" type="stmt" count="3"/>
        <line num="36" type="stmt" count="3"/>
        <line num="49" type="method" name="registerConnection" crap="3" count="3"/>
        <line num="59" type="stmt" count="3"/>
        <line num="60" type="stmt" count="3"/>
        <line num="61" type="stmt" count="3"/>
        <line num="62" type="stmt" count="3"/>
        <line num="63" type="stmt" count="3"/>
        <line num="64" type="stmt" count="3"/>
        <line num="65" type="stmt" count="3"/>
        <line num="66" type="stmt" count="3"/>
        <line num="68" type="stmt" count="3"/>
        <line num="69" type="stmt" count="1"/>
        <line num="73" type="stmt" count="3"/>
        <line num="74" type="stmt" count="3"/>
        <line num="75" type="stmt" count="1"/>
        <line num="78" type="stmt" count="3"/>
        <line num="79" type="stmt" count="3"/>
        <line num="86" type="method" name="executeRead" crap="1" count="1"/>
        <line num="89" type="stmt" count="1"/>
        <line num="90" type="stmt" count="1"/>
        <line num="96" type="method" name="prepareQuery" crap="2" count="1"/>
        <line num="100" type="stmt" count="1"/>
        <line num="101" type="stmt" count="1"/>
        <line num="102" type="stmt" count="1"/>
        <line num="103" type="stmt" count="1"/>
        <line num="104" type="stmt" count="1"/>
        <line num="105" type="stmt" count="1"/>
        <line num="106" type="stmt" count="1"/>
        <line num="107" type="stmt" count="1"/>
        <line num="108" type="stmt" count="1"/>
        <line num="109" type="stmt" count="1"/>
        <line num="116" type="method" name="prepareConnection" crap="2" count="1"/>
        <line num="119" type="stmt" count="1"/>
        <line num="120" type="stmt" count="1"/>
        <line num="125" type="stmt" count="1"/>
        <line num="132" type="method" name="executeWrite" crap="1" count="1"/>
        <line num="135" type="stmt" count="1"/>
        <line num="136" type="stmt" count="1"/>
        <metrics loc="138" ncloc="101" classes="1" methods="6" coveredmethods="6" conditionals="0" coveredconditionals="0" statements="36" coveredstatements="36" elements="42" coveredelements="42"/>
      </file>
    </package>
    <package name="MOC\V\Component\Database\Component\Exception">
      <file name="D:\WebProject\MOC-Framework-Mark-V/Component/Database/Component/Exception/ComponentException.php">
        <class name="ComponentException" namespace="MOC\V\Component\Database\Component\Exception" fullPackage="MOC" package="MOC">
          <metrics methods="1" coveredmethods="1" conditionals="0" coveredconditionals="0" statements="2" coveredstatements="2" elements="3" coveredelements="3"/>
        </class>
        <line num="19" type="method" name="__construct" crap="1" count="3"/>
        <line num="22" type="stmt" count="3"/>
        <line num="23" type="stmt" count="3"/>
        <metrics loc="24" ncloc="14" classes="1" methods="1" coveredmethods="1" conditionals="0" coveredconditionals="0" statements="2" coveredstatements="2" elements="3" coveredelements="3"/>
      </file>
    </package>
    <package name="MOC\V\Component\Database\Component\Exception\Repository">
      <file name="D:\WebProject\MOC-Framework-Mark-V/Component/Database/Component/Exception/Repository/NoConnectionException.php">
        <class name="NoConnectionException" namespace="MOC\V\Component\Database\Component\Exception\Repository" fullPackage="MOC" package="MOC">
          <metrics methods="1" coveredmethods="1" conditionals="0" coveredconditionals="0" statements="3" coveredstatements="3" elements="4" coveredelements="4"/>
        </class>
        <line num="19" type="method" name="__construct" crap="1" count="1"/>
        <line num="22" type="stmt" count="1"/>
        <line num="24" type="stmt" count="1"/>
        <line num="25" type="stmt" count="1"/>
        <metrics loc="27" ncloc="17" classes="1" methods="1" coveredmethods="1" conditionals="0" coveredconditionals="0" statements="3" coveredstatements="3" elements="4" coveredelements="4"/>
      </file>
    </package>
    <package name="MOC\V\Component\Database\Component\Parameter\Repository">
      <file name="D:\WebProject\MOC-Framework-Mark-V/Component/Database/Component/Parameter/Repository/DatabaseParameter.php">
        <class name="DatabaseParameter" namespace="MOC\V\Component\Database\Component\Parameter\Repository" fullPackage="MOC" package="MOC">
          <metrics methods="3" coveredmethods="3" conditionals="0" coveredconditionals="0" statements="5" coveredstatements="5" elements="8" coveredelements="8"/>
        </class>
        <line num="21" type="method" name="__construct" crap="1" count="3"/>
        <line num="24" type="stmt" count="3"/>
        <line num="25" type="stmt" count="3"/>
        <line num="30" type="method" name="getDatabase" crap="1" count="3"/>
        <line num="33" type="stmt" count="3"/>
        <line num="39" type="method" name="setDatabase" crap="1" count="3"/>
        <line num="42" type="stmt" count="3"/>
        <line num="43" type="stmt" count="3"/>
        <metrics loc="44" ncloc="29" classes="1" methods="3" coveredmethods="3" conditionals="0" coveredconditionals="0" statements="5" coveredstatements="5" elements="8" coveredelements="8"/>
      </file>
      <file name="D:\WebProject\MOC-Framework-Mark-V/Component/Database/Component/Parameter/Repository/DriverParameter.php">
        <class name="DriverParameter" namespace="MOC\V\Component\Database\Component\Parameter\Repository" fullPackage="MOC" package="MOC">
          <metrics methods="3" coveredmethods="3" conditionals="0" coveredconditionals="0" statements="5" coveredstatements="5" elements="8" coveredelements="8"/>
        </class>
        <line num="31" type="method" name="__construct" crap="1" count="3"/>
        <line num="34" type="stmt" count="3"/>
        <line num="35" type="stmt" count="3"/>
        <line num="40" type="method" name="getDriver" crap="1" count="3"/>
        <line num="43" type="stmt" count="3"/>
        <line num="49" type="method" name="setDriver" crap="1" count="3"/>
        <line num="52" type="stmt" count="3"/>
        <line num="53" type="stmt" count="3"/>
        <metrics loc="54" ncloc="39" classes="1" methods="3" coveredmethods="3" conditionals="0" coveredconditionals="0" statements="5" coveredstatements="5" elements="8" coveredelements="8"/>
      </file>
      <file name="D:\WebProject\MOC-Framework-Mark-V/Component/Database/Component/Parameter/Repository/HostParameter.php">
        <class name="HostParameter" namespace="MOC\V\Component\Database\Component\Parameter\Repository" fullPackage="MOC" package="MOC">
          <metrics methods="3" coveredmethods="3" conditionals="0" coveredconditionals="0" statements="5" coveredstatements="5" elements="8" coveredelements="8"/>
        </class>
        <line num="21" type="method" name="__construct" crap="1" count="3"/>
        <line num="24" type="stmt" count="3"/>
        <line num="25" type="stmt" count="3"/>
        <line num="30" type="method" name="getHost" crap="1" count="3"/>
        <line num="33" type="stmt" count="3"/>
        <line num="39" type="method" name="setHost" crap="1" count="3"/>
        <line num="42" type="stmt" count="3"/>
        <line num="43" type="stmt" count="3"/>
        <metrics loc="44" ncloc="29" classes="1" methods="3" coveredmethods="3" conditionals="0" coveredconditionals="0" statements="5" coveredstatements="5" elements="8" coveredelements="8"/>
      </file>
      <file name="D:\WebProject\MOC-Framework-Mark-V/Component/Database/Component/Parameter/Repository/PasswordParameter.php">
        <class name="PasswordParameter" namespace="MOC\V\Component\Database\Component\Parameter\Repository" fullPackage="MOC" package="MOC">
          <metrics methods="3" coveredmethods="3" conditionals="0" coveredconditionals="0" statements="5" coveredstatements="5" elements="8" coveredelements="8"/>
        </class>
        <line num="21" type="method" name="__construct" crap="1" count="3"/>
        <line num="24" type="stmt" count="3"/>
        <line num="25" type="stmt" count="3"/>
        <line num="30" type="method" name="getPassword" crap="1" count="3"/>
        <line num="33" type="stmt" count="3"/>
        <line num="39" type="method" name="setPassword" crap="1" count="3"/>
        <line num="42" type="stmt" count="3"/>
        <line num="43" type="stmt" count="3"/>
        <metrics loc="44" ncloc="29" classes="1" methods="3" coveredmethods="3" conditionals="0" coveredconditionals="0" statements="5" coveredstatements="5" elements="8" coveredelements="8"/>
      </file>
      <file name="D:\WebProject\MOC-Framework-Mark-V/Component/Database/Component/Parameter/Repository/PortParameter.php">
        <class name="PortParameter" namespace="MOC\V\Component\Database\Component\Parameter\Repository" fullPackage="MOC" package="MOC">
          <metrics methods="3" coveredmethods="3" conditionals="0" coveredconditionals="0" statements="5" coveredstatements="5" elements="8" coveredelements="8"/>
        </class>
        <line num="21" type="method" name="__construct" crap="1" count="3"/>
        <line num="24" type="stmt" count="3"/>
        <line num="25" type="stmt" count="3"/>
        <line num="30" type="method" name="getPort" crap="1" count="3"/>
        <line num="33" type="stmt" count="3"/>
        <line num="39" type="method" name="setPort" crap="1" count="3"/>
        <line num="42" type="stmt" count="3"/>
        <line num="43" type="stmt" count="3"/>
        <metrics loc="44" ncloc="29" classes="1" methods="3" coveredmethods="3" conditionals="0" coveredconditionals="0" statements="5" coveredstatements="5" elements="8" coveredelements="8"/>
      </file>
      <file name="D:\WebProject\MOC-Framework-Mark-V/Component/Database/Component/Parameter/Repository/UsernameParameter.php">
        <class name="UsernameParameter" namespace="MOC\V\Component\Database\Component\Parameter\Repository" fullPackage="MOC" package="MOC">
          <metrics methods="3" coveredmethods="3" conditionals="0" coveredconditionals="0" statements="5" coveredstatements="5" elements="8" coveredelements="8"/>
        </class>
        <line num="21" type="method" name="__construct" crap="1" count="3"/>
        <line num="24" type="stmt" count="3"/>
        <line num="25" type="stmt" count="3"/>
        <line num="30" type="method" name="getUsername" crap="1" count="3"/>
        <line num="33" type="stmt" count="3"/>
        <line num="39" type="method" name="setUsername" crap="1" count="3"/>
        <line num="42" type="stmt" count="3"/>
        <line num="43" type="stmt" count="3"/>
        <metrics loc="44" ncloc="29" classes="1" methods="3" coveredmethods="3" conditionals="0" coveredconditionals="0" statements="5" coveredstatements="5" elements="8" coveredelements="8"/>
      </file>
    </package>
    <package name="MOC\V\Component\Database">
      <file name="D:\WebProject\MOC-Framework-Mark-V/Component/Database/Database.php">
        <class name="Database" namespace="MOC\V\Component\Database" fullPackage="MOC" package="MOC">
          <metrics methods="7" coveredmethods="7" conditionals="0" coveredconditionals="0" statements="22" coveredstatements="22" elements="29" coveredelements="29"/>
        </class>
        <line num="30" type="method" name="__construct" crap="1" count="3"/>
        <line num="33" type="stmt" count="3"/>
        <line num="34" type="stmt" count="3"/>
        <line num="47" type="method" name="getDatabase" crap="1" count="1"/>
        <line num="50" type="stmt" count="1"/>
        <line num="63" type="method" name="getDoctrineDatabase" crap="1" count="2"/>
        <line num="66" type="stmt" count="2"/>
        <line num="67" type="stmt" count="2"/>
        <line num="68" type="stmt" count="2"/>
        <line num="69" type="stmt" count="2"/>
        <line num="70" type="stmt" count="2"/>
        <line num="72" type="stmt" count="2"/>
        <line num="73" type="stmt" count="2"/>
        <line num="74" type="stmt" count="2"/>
        <line num="75" type="stmt" count="2"/>
        <line num="76" type="stmt" count="2"/>
        <line num="77" type="stmt" count="2"/>
        <line num="78" type="stmt" count="2"/>
        <line num="79" type="stmt" count="2"/>
        <line num="81" type="stmt" count="2"/>
        <line num="87" type="method" name="getBridgeInterface" crap="1" count="3"/>
        <line num="90" type="stmt" count="3"/>
        <line num="96" type="method" name="getVendorInterface" crap="1" count="1"/>
        <line num="99" type="stmt" count="1"/>
        <line num="107" type="method" name="setVendorInterface" crap="1" count="3"/>
        <line num="110" type="stmt" count="3"/>
        <line num="111" type="stmt" count="3"/>
        <line num="119" type="method" name="setBridgeInterface" crap="1" count="1"/>
        <line num="122" type="stmt" count="1"/>
        <metrics loc="124" ncloc="78" classes="1" methods="7" coveredmethods="7" conditionals="0" coveredconditionals="0" statements="22" coveredstatements="22" elements="29" coveredelements="29"/>
      </file>
    </package>
    <package name="MOC\V\Component\Database\Exception">
      <file name="D:\WebProject\MOC-Framework-Mark-V/Component/Database/Exception/DatabaseException.php">
        <class name="DatabaseException" namespace="MOC\V\Component\Database\Exception" fullPackage="MOC" package="MOC">
          <metrics methods="1" coveredmethods="1" conditionals="0" coveredconditionals="0" statements="2" coveredstatements="2" elements="3" coveredelements="3"/>
        </class>
        <line num="19" type="method" name="__construct" crap="1" count="3"/>
        <line num="22" type="stmt" count="3"/>
        <line num="23" type="stmt" count="3"/>
        <metrics loc="24" ncloc="14" classes="1" methods="1" coveredmethods="1" conditionals="0" coveredconditionals="0" statements="2" coveredstatements="2" elements="3" coveredelements="3"/>
      </file>
    </package>
    <package name="MOC\V\Component\Database\Vendor">
      <file name="D:\WebProject\MOC-Framework-Mark-V/Component/Database/Vendor/Vendor.php">
        <class name="Vendor" namespace="MOC\V\Component\Database\Vendor" fullPackage="MOC" package="MOC">
          <metrics methods="3" coveredmethods="3" conditionals="0" coveredconditionals="0" statements="5" coveredstatements="5" elements="8" coveredelements="8"/>
        </class>
        <line num="21" type="method" name="__construct" crap="1" count="4"/>
        <line num="24" type="stmt" count="4"/>
        <line num="25" type="stmt" count="4"/>
        <line num="30" type="method" name="getBridgeInterface" crap="1" count="4"/>
        <line num="33" type="stmt" count="4"/>
        <line num="41" type="method" name="setBridgeInterface" crap="1" count="4"/>
        <line num="44" type="stmt" count="4"/>
        <line num="45" type="stmt" count="4"/>
        <metrics loc="47" ncloc="30" classes="1" methods="3" coveredmethods="3" conditionals="0" coveredconditionals="0" statements="5" coveredstatements="5" elements="8" coveredelements="8"/>
      </file>
    </package>
    <package name="MOC\V\Component\Documentation\Component\Bridge\Repository">
      <file name="D:\WebProject\MOC-Framework-Mark-V/Component/Documentation/Component/Bridge/Repository/ApiGenDocumentation.php">
        <class name="ApiGenDocumentation" namespace="MOC\V\Component\Documentation\Component\Bridge\Repository" fullPackage="MOC" package="MOC">
          <metrics methods="1" coveredmethods="1" conditionals="0" coveredconditionals="0" statements="6" coveredstatements="6" elements="7" coveredelements="7"/>
        </class>
        <line num="28" type="method" name="__construct" crap="1" count="3"/>
        <line num="31" type="stmt" count="3"/>
        <line num="32" type="stmt" count="3"/>
        <line num="33" type="stmt" count="3"/>
        <line num="35" type="stmt" count="3"/>
        <line num="36" type="stmt" count="3"/>
        <line num="37" type="stmt" count="3"/>
        <metrics loc="137" ncloc="45" classes="1" methods="1" coveredmethods="1" conditionals="0" coveredconditionals="0" statements="6" coveredstatements="6" elements="7" coveredelements="7"/>
      </file>
    </package>
    <package name="MOC\V\Component\Documentation\Component\Exception">
      <file name="D:\WebProject\MOC-Framework-Mark-V/Component/Documentation/Component/Exception/ComponentException.php">
        <class name="ComponentException" namespace="MOC\V\Component\Documentation\Component\Exception" fullPackage="MOC" package="MOC">
          <metrics methods="1" coveredmethods="1" conditionals="0" coveredconditionals="0" statements="2" coveredstatements="2" elements="3" coveredelements="3"/>
        </class>
        <line num="19" type="method" name="__construct" crap="1" count="2"/>
        <line num="22" type="stmt" count="2"/>
        <line num="23" type="stmt" count="2"/>
        <metrics loc="24" ncloc="14" classes="1" methods="1" coveredmethods="1" conditionals="0" coveredconditionals="0" statements="2" coveredstatements="2" elements="3" coveredelements="3"/>
      </file>
    </package>
    <package name="MOC\V\Component\Documentation\Component\Exception\Repository">
      <file name="D:\WebProject\MOC-Framework-Mark-V/Component/Documentation/Component/Exception/Repository/EmptyDirectoryException.php">
        <class name="EmptyDirectoryException" namespace="MOC\V\Component\Documentation\Component\Exception\Repository" fullPackage="MOC" package="MOC">
          <metrics methods="1" coveredmethods="1" conditionals="0" coveredconditionals="0" statements="3" coveredstatements="3" elements="4" coveredelements="4"/>
        </class>
        <line num="19" type="method" name="__construct" crap="1" count="2"/>
        <line num="22" type="stmt" count="2"/>
        <line num="24" type="stmt" count="2"/>
        <line num="25" type="stmt" count="2"/>
        <metrics loc="27" ncloc="17" classes="1" methods="1" coveredmethods="1" conditionals="0" coveredconditionals="0" statements="3" coveredstatements="3" elements="4" coveredelements="4"/>
      </file>
      <file name="D:\WebProject\MOC-Framework-Mark-V/Component/Documentation/Component/Exception/Repository/TypeDirectoryException.php">
        <class name="TypeDirectoryException" namespace="MOC\V\Component\Documentation\Component\Exception\Repository" fullPackage="MOC" package="MOC">
          <metrics methods="1" coveredmethods="1" conditionals="0" coveredconditionals="0" statements="3" coveredstatements="3" elements="4" coveredelements="4"/>
        </class>
        <line num="19" type="method" name="__construct" crap="1" count="2"/>
        <line num="22" type="stmt" count="2"/>
        <line num="24" type="stmt" count="2"/>
        <line num="25" type="stmt" count="2"/>
        <metrics loc="27" ncloc="17" classes="1" methods="1" coveredmethods="1" conditionals="0" coveredconditionals="0" statements="3" coveredstatements="3" elements="4" coveredelements="4"/>
      </file>
    </package>
    <package name="MOC\V\Component\Documentation\Component\Parameter\Repository">
      <file name="D:\WebProject\MOC-Framework-Mark-V/Component/Documentation/Component/Parameter/Repository/DirectoryParameter.php">
        <class name="DirectoryParameter" namespace="MOC\V\Component\Documentation\Component\Parameter\Repository" fullPackage="MOC" package="MOC">
          <metrics methods="3" coveredmethods="3" conditionals="0" coveredconditionals="0" statements="10" coveredstatements="10" elements="13" coveredelements="13"/>
        </class>
        <line num="23" type="method" name="__construct" crap="1" count="4"/>
        <line num="26" type="stmt" count="4"/>
        <line num="27" type="stmt" count="4"/>
        <line num="32" type="method" name="getDirectory" crap="1" count="1"/>
        <line num="35" type="stmt" count="1"/>
        <line num="44" type="method" name="setDirectory" crap="3" count="4"/>
        <line num="47" type="stmt" count="4"/>
        <line num="48" type="stmt" count="1"/>
        <line num="50" type="stmt" count="4"/>
        <line num="51" type="stmt" count="4"/>
        <line num="52" type="stmt" count="4"/>
        <line num="53" type="stmt" count="1"/>
        <line num="56" type="stmt" count="4"/>
        <metrics loc="58" ncloc="40" classes="1" methods="3" coveredmethods="3" conditionals="0" coveredconditionals="0" statements="10" coveredstatements="10" elements="13" coveredelements="13"/>
      </file>
    </package>
    <package name="MOC\V\Component\Documentation">
      <file name="D:\WebProject\MOC-Framework-Mark-V/Component/Documentation/Documentation.php">
        <class name="Documentation" namespace="MOC\V\Component\Documentation" fullPackage="MOC" package="MOC">
          <metrics methods="7" coveredmethods="7" conditionals="0" coveredconditionals="0" statements="13" coveredstatements="13" elements="20" coveredelements="20"/>
        </class>
        <line num="23" type="method" name="__construct" crap="1" count="1"/>
        <line num="26" type="stmt" count="1"/>
        <line num="27" type="stmt" count="1"/>
        <line num="32" type="method" name="getDocumentation" crap="1" count="1"/>
        <line num="35" type="stmt" count="1"/>
        <line num="41" type="method" name="getApiGenDocumentation" crap="1" count="2"/>
        <line num="44" type="stmt" count="2"/>
        <line num="45" type="stmt" count="2"/>
        <line num="46" type="stmt" count="2"/>
        <line num="47" type="stmt" count="2"/>
        <line num="49" type="stmt" count="2"/>
        <line num="55" type="method" name="getBridgeInterface" crap="1" count="1"/>
        <line num="58" type="stmt" count="1"/>
        <line num="64" type="method" name="getVendorInterface" crap="1" count="1"/>
        <line num="67" type="stmt" count="1"/>
        <line num="75" type="method" name="setVendorInterface" crap="1" count="1"/>
        <line num="78" type="stmt" count="1"/>
        <line num="79" type="stmt" count="1"/>
        <line num="87" type="method" name="setBridgeInterface" crap="1" count="1"/>
        <line num="90" type="stmt" count="1"/>
        <metrics loc="92" ncloc="61" classes="1" methods="7" coveredmethods="7" conditionals="0" coveredconditionals="0" statements="13" coveredstatements="13" elements="20" coveredelements="20"/>
      </file>
    </package>
    <package name="MOC\V\Component\Documentation\Exception">
      <file name="D:\WebProject\MOC-Framework-Mark-V/Component/Documentation/Exception/DocumentationException.php">
        <class name="DocumentationException" namespace="MOC\V\Component\Documentation\Exception" fullPackage="MOC" package="MOC">
          <metrics methods="1" coveredmethods="1" conditionals="0" coveredconditionals="0" statements="2" coveredstatements="2" elements="3" coveredelements="3"/>
        </class>
        <line num="19" type="method" name="__construct" crap="1" count="2"/>
        <line num="22" type="stmt" count="2"/>
        <line num="23" type="stmt" count="2"/>
        <metrics loc="24" ncloc="14" classes="1" methods="1" coveredmethods="1" conditionals="0" coveredconditionals="0" statements="2" coveredstatements="2" elements="3" coveredelements="3"/>
      </file>
    </package>
    <package name="MOC\V\Component\Documentation\Vendor">
      <file name="D:\WebProject\MOC-Framework-Mark-V/Component/Documentation/Vendor/Vendor.php">
        <class name="Vendor" namespace="MOC\V\Component\Documentation\Vendor" fullPackage="MOC" package="MOC">
          <metrics methods="3" coveredmethods="3" conditionals="0" coveredconditionals="0" statements="5" coveredstatements="5" elements="8" coveredelements="8"/>
        </class>
        <line num="21" type="method" name="__construct" crap="1" count="2"/>
        <line num="24" type="stmt" count="2"/>
        <line num="25" type="stmt" count="2"/>
        <line num="30" type="method" name="getBridgeInterface" crap="1" count="2"/>
        <line num="33" type="stmt" count="2"/>
        <line num="41" type="method" name="setBridgeInterface" crap="1" count="2"/>
        <line num="44" type="stmt" count="2"/>
        <line num="45" type="stmt" count="2"/>
        <metrics loc="47" ncloc="30" classes="1" methods="3" coveredmethods="3" conditionals="0" coveredconditionals="0" statements="5" coveredstatements="5" elements="8" coveredelements="8"/>
      </file>
    </package>
    <package name="MOC\V\Component\Router\Component\Bridge\Repository">
      <file name="D:\WebProject\MOC-Framework-Mark-V/Component/Router/Component/Bridge/Repository/SymfonyRouter.php">
        <class name="SymfonyRouter" namespace="MOC\V\Component\Router\Component\Bridge\Repository" fullPackage="MOC" package="MOC">
          <metrics methods="4" coveredmethods="4" conditionals="0" coveredconditionals="0" statements="26" coveredstatements="26" elements="30" coveredelements="30"/>
        </class>
        <line num="38" type="method" name="__construct" crap="1" count="1"/>
        <line num="41" type="stmt" count="1"/>
        <line num="42" type="stmt" count="1"/>
        <line num="43" type="stmt" count="1"/>
        <line num="45" type="stmt" count="1"/>
        <line num="46" type="stmt" count="1"/>
        <line num="47" type="stmt" count="1"/>
        <line num="48" type="stmt" count="1"/>
        <line num="50" type="stmt" count="1"/>
        <line num="51" type="stmt" count="1"/>
        <line num="52" type="stmt" count="1"/>
        <line num="53" type="stmt" count="1"/>
        <line num="60" type="method" name="addRoute" crap="1" count="1"/>
        <line num="63" type="stmt" count="1"/>
        <line num="64" type="stmt" count="1"/>
        <line num="65" type="stmt" count="1"/>
        <line num="66" type="stmt" count="1"/>
        <line num="67" type="stmt" count="1"/>
        <line num="68" type="stmt" count="1"/>
        <line num="69" type="stmt" count="1"/>
        <line num="70" type="stmt" count="1"/>
        <line num="71" type="stmt" count="1"/>
        <line num="72" type="stmt" count="1"/>
        <line num="73" type="stmt" count="1"/>
        <line num="79" type="method" name="getRouteList" crap="1" count="1"/>
        <line num="82" type="stmt" count="1"/>
        <line num="89" type="method" name="getRoute" crap="2" count="1"/>
        <line num="93" type="stmt" count="1"/>
        <line num="94" type="stmt" count="1"/>
        <line num="95" type="stmt" count="1"/>
        <metrics loc="98" ncloc="76" classes="1" methods="4" coveredmethods="4" conditionals="0" coveredconditionals="0" statements="26" coveredstatements="26" elements="30" coveredelements="30"/>
      </file>
      <file name="D:\WebProject\MOC-Framework-Mark-V/Component/Router/Component/Bridge/Repository/UniversalRouter.php">
        <class name="UniversalRouter" namespace="MOC\V\Component\Router\Component\Bridge\Repository" fullPackage="MOC" package="MOC">
          <metrics methods="4" coveredmethods="3" conditionals="0" coveredconditionals="0" statements="29" coveredstatements="21" elements="33" coveredelements="24"/>
        </class>
        <line num="26" type="method" name="addRoute" crap="1" count="1"/>
        <line num="29" type="stmt" count="1"/>
        <line num="30" type="stmt" count="1"/>
        <line num="37" type="method" name="getRoute" crap="2" count="1"/>
        <line num="41" type="stmt" count="1"/>
        <line num="43" type="stmt" count="1"/>
        <line num="45" type="stmt" count="1"/>
        <line num="51" type="stmt" count="1"/>
        <line num="52" type="stmt" count="1"/>
        <line num="54" type="stmt" count="1"/>
        <line num="63" type="method" name="handleController" crap="3" count="1"/>
        <line num="66" type="stmt" count="1"/>
        <line num="67" type="stmt" count="1"/>
        <line num="72" type="stmt" count="1"/>
        <line num="74" type="stmt" count="1"/>
        <line num="75" type="stmt" count="1"/>
        <line num="81" type="stmt" count="1"/>
        <line num="91" type="method" name="handleArguments" crap="8.79" count="1"/>
        <line num="94" type="stmt" count="1"/>
        <line num="95" type="stmt" count="1"/>
        <line num="96" type="stmt" count="1"/>
        <line num="97" type="stmt" count="1"/>
        <line num="99" type="stmt" count="1"/>
        <line num="100" type="stmt" count="0"/>
        <line num="101" type="stmt" count="0"/>
        <line num="102" type="stmt" count="0"/>
        <line num="103" type="stmt" count="0"/>
        <line num="104" type="stmt" count="0"/>
        <line num="105" type="stmt" count="0"/>
        <line num="106" type="stmt" count="0"/>
        <line num="107" type="stmt" count="0"/>
        <line num="109" type="stmt" count="1"/>
        <line num="110" type="stmt" count="1"/>
        <metrics loc="112" ncloc="71" classes="1" methods="4" coveredmethods="3" conditionals="0" coveredconditionals="0" statements="29" coveredstatements="21" elements="33" coveredelements="24"/>
      </file>
    </package>
    <package name="MOC\V\Component\Router\Component\Exception">
      <file name="D:\WebProject\MOC-Framework-Mark-V/Component/Router/Component/Exception/ComponentException.php">
        <class name="ComponentException" namespace="MOC\V\Component\Router\Component\Exception" fullPackage="MOC" package="MOC">
          <metrics methods="1" coveredmethods="1" conditionals="0" coveredconditionals="0" statements="2" coveredstatements="2" elements="3" coveredelements="3"/>
        </class>
        <line num="19" type="method" name="__construct" crap="1" count="3"/>
        <line num="22" type="stmt" count="3"/>
        <line num="23" type="stmt" count="3"/>
        <metrics loc="24" ncloc="14" classes="1" methods="1" coveredmethods="1" conditionals="0" coveredconditionals="0" statements="2" coveredstatements="2" elements="3" coveredelements="3"/>
      </file>
    </package>
    <package name="MOC\V\Component\Router\Component\Exception\Repository">
      <file name="D:\WebProject\MOC-Framework-Mark-V/Component/Router/Component/Exception/Repository/MissingParameterException.php">
        <class name="MissingParameterException" namespace="MOC\V\Component\Router\Component\Exception\Repository" fullPackage="MOC" package="MOC">
          <metrics methods="1" coveredmethods="1" conditionals="0" coveredconditionals="0" statements="3" coveredstatements="3" elements="4" coveredelements="4"/>
        </class>
        <line num="19" type="method" name="__construct" crap="1" count="1"/>
        <line num="22" type="stmt" count="1"/>
        <line num="24" type="stmt" count="1"/>
        <line num="25" type="stmt" count="1"/>
        <metrics loc="26" ncloc="16" classes="1" methods="1" coveredmethods="1" conditionals="0" coveredconditionals="0" statements="3" coveredstatements="3" elements="4" coveredelements="4"/>
      </file>
    </package>
    <package name="MOC\V\Component\Router\Component\Parameter\Repository">
      <file name="D:\WebProject\MOC-Framework-Mark-V/Component/Router/Component/Parameter/Repository/RouteParameter.php">
        <class name="RouteParameter" namespace="MOC\V\Component\Router\Component\Parameter\Repository" fullPackage="MOC" package="MOC">
          <metrics methods="11" coveredmethods="11" conditionals="0" coveredconditionals="0" statements="23" coveredstatements="23" elements="34" coveredelements="34"/>
        </class>
        <line num="29" type="method" name="__construct" crap="1" count="3"/>
        <line num="32" type="stmt" count="3"/>
        <line num="33" type="stmt" count="3"/>
        <line num="34" type="stmt" count="3"/>
        <line num="39" type="method" name="setPath" crap="1" count="3"/>
        <line num="42" type="stmt" count="3"/>
        <line num="43" type="stmt" count="3"/>
        <line num="50" type="method" name="setController" crap="2" count="3"/>
        <line num="53" type="stmt" count="3"/>
        <line num="54" type="stmt" count="1"/>
        <line num="56" type="stmt" count="3"/>
        <line num="57" type="stmt" count="3"/>
        <line num="62" type="method" name="getClass" crap="1" count="1"/>
        <line num="65" type="stmt" count="1"/>
        <line num="66" type="stmt" count="1"/>
        <line num="72" type="method" name="getController" crap="1" count="3"/>
        <line num="75" type="stmt" count="3"/>
        <line num="81" type="method" name="getMethod" crap="1" count="1"/>
        <line num="84" type="stmt" count="1"/>
        <line num="85" type="stmt" count="1"/>
        <line num="93" type="method" name="getParameterDefault" crap="2" count="2"/>
        <line num="96" type="stmt" count="2"/>
        <line num="97" type="stmt" count="2"/>
        <line num="99" type="stmt" count="1"/>
        <line num="107" type="method" name="setParameterDefault" crap="1" count="1"/>
        <line num="110" type="stmt" count="1"/>
        <line num="111" type="stmt" count="1"/>
        <line num="116" type="method" name="getParameterPattern" crap="1" count="2"/>
        <line num="119" type="stmt" count="2"/>
        <line num="126" type="method" name="setParameterPattern" crap="1" count="1"/>
        <line num="129" type="stmt" count="1"/>
        <line num="130" type="stmt" count="1"/>
        <line num="135" type="method" name="getPath" crap="1" count="3"/>
        <line num="138" type="stmt" count="3"/>
        <metrics loc="141" ncloc="92" classes="1" methods="11" coveredmethods="11" conditionals="0" coveredconditionals="0" statements="23" coveredstatements="23" elements="34" coveredelements="34"/>
      </file>
    </package>
    <package name="MOC\V\Component\Router\Exception">
      <file name="D:\WebProject\MOC-Framework-Mark-V/Component/Router/Exception/RouterException.php">
        <class name="RouterException" namespace="MOC\V\Component\Router\Exception" fullPackage="MOC" package="MOC">
          <metrics methods="1" coveredmethods="1" conditionals="0" coveredconditionals="0" statements="2" coveredstatements="2" elements="3" coveredelements="3"/>
        </class>
        <line num="19" type="method" name="__construct" crap="1" count="3"/>
        <line num="22" type="stmt" count="3"/>
        <line num="23" type="stmt" count="3"/>
        <metrics loc="24" ncloc="14" classes="1" methods="1" coveredmethods="1" conditionals="0" coveredconditionals="0" statements="2" coveredstatements="2" elements="3" coveredelements="3"/>
      </file>
    </package>
    <package name="MOC\V\Component\Router">
      <file name="D:\WebProject\MOC-Framework-Mark-V/Component/Router/Router.php">
        <class name="Router" namespace="MOC\V\Component\Router" fullPackage="MOC" package="MOC">
          <metrics methods="5" coveredmethods="5" conditionals="0" coveredconditionals="0" statements="7" coveredstatements="7" elements="12" coveredelements="12"/>
        </class>
        <line num="21" type="method" name="__construct" crap="1" count="1"/>
        <line num="24" type="stmt" count="1"/>
        <line num="25" type="stmt" count="1"/>
        <line num="30" type="method" name="getVendorInterface" crap="1" count="1"/>
        <line num="33" type="stmt" count="1"/>
        <line num="41" type="method" name="setVendorInterface" crap="1" count="1"/>
        <line num="44" type="stmt" count="1"/>
        <line num="45" type="stmt" count="1"/>
        <line num="51" type="method" name="getBridgeInterface" crap="1" count="1"/>
        <line num="54" type="stmt" count="1"/>
        <line num="62" type="method" name="setBridgeInterface" crap="1" count="1"/>
        <line num="65" type="stmt" count="1"/>
        <metrics loc="68" ncloc="43" classes="1" methods="5" coveredmethods="5" conditionals="0" coveredconditionals="0" statements="7" coveredstatements="7" elements="12" coveredelements="12"/>
      </file>
    </package>
    <package name="MOC\V\Component\Router\Vendor">
      <file name="D:\WebProject\MOC-Framework-Mark-V/Component/Router/Vendor/Vendor.php">
        <class name="Vendor" namespace="MOC\V\Component\Router\Vendor" fullPackage="MOC" package="MOC">
          <metrics methods="3" coveredmethods="3" conditionals="0" coveredconditionals="0" statements="5" coveredstatements="5" elements="8" coveredelements="8"/>
        </class>
        <line num="21" type="method" name="__construct" crap="1" count="2"/>
        <line num="24" type="stmt" count="2"/>
        <line num="25" type="stmt" count="2"/>
        <line num="30" type="method" name="getBridgeInterface" crap="1" count="2"/>
        <line num="33" type="stmt" count="2"/>
        <line num="41" type="method" name="setBridgeInterface" crap="1" count="2"/>
        <line num="44" type="stmt" count="2"/>
        <line num="45" type="stmt" count="2"/>
        <metrics loc="47" ncloc="30" classes="1" methods="3" coveredmethods="3" conditionals="0" coveredconditionals="0" statements="5" coveredstatements="5" elements="8" coveredelements="8"/>
      </file>
    </package>
    <package name="MOC\V\Component\Template\Component\Bridge">
      <file name="D:\WebProject\MOC-Framework-Mark-V/Component/Template/Component/Bridge/Bridge.php">
        <class name="Bridge" namespace="MOC\V\Component\Template\Component\Bridge" fullPackage="MOC" package="MOC">
          <metrics methods="1" coveredmethods="1" conditionals="0" coveredconditionals="0" statements="2" coveredstatements="2" elements="3" coveredelements="3"/>
        </class>
        <line num="23" type="method" name="setVariable" crap="1" count="2"/>
        <line num="26" type="stmt" count="2"/>
        <line num="27" type="stmt" count="2"/>
        <metrics loc="29" ncloc="17" classes="1" methods="1" coveredmethods="1" conditionals="0" coveredconditionals="0" statements="2" coveredstatements="2" elements="3" coveredelements="3"/>
      </file>
    </package>
    <package name="MOC\V\Component\Template\Component\Bridge\Repository">
      <file name="D:\WebProject\MOC-Framework-Mark-V/Component/Template/Component/Bridge/Repository/SmartyTemplate.php">
        <class name="SmartyTemplate" namespace="MOC\V\Component\Template\Component\Bridge\Repository" fullPackage="MOC" package="MOC">
          <metrics methods="3" coveredmethods="3" conditionals="0" coveredconditionals="0" statements="12" coveredstatements="12" elements="15" coveredelements="15"/>
        </class>
        <line num="24" type="method" name="__construct" crap="2" count="3"/>
        <line num="27" type="stmt" count="3"/>
        <line num="28" type="stmt" count="1"/>
        <line num="29" type="stmt" count="1"/>
        <line num="31" type="stmt" count="3"/>
        <line num="32" type="stmt" count="3"/>
        <line num="39" type="method" name="loadFile" crap="1" count="3"/>
        <line num="42" type="stmt" count="3"/>
        <line num="43" type="stmt" count="3"/>
        <line num="44" type="stmt" count="3"/>
        <line num="45" type="stmt" count="3"/>
        <line num="46" type="stmt" count="3"/>
        <line num="52" type="method" name="getContent" crap="1" count="1"/>
        <line num="55" type="stmt" count="1"/>
        <line num="56" type="stmt" count="1"/>
        <metrics loc="59" ncloc="40" classes="1" methods="3" coveredmethods="3" conditionals="0" coveredconditionals="0" statements="12" coveredstatements="12" elements="15" coveredelements="15"/>
      </file>
      <file name="D:\WebProject\MOC-Framework-Mark-V/Component/Template/Component/Bridge/Repository/TwigTemplate.php">
        <class name="TwigTemplate" namespace="MOC\V\Component\Template\Component\Bridge\Repository" fullPackage="MOC" package="MOC">
          <metrics methods="3" coveredmethods="3" conditionals="0" coveredconditionals="0" statements="7" coveredstatements="7" elements="10" coveredelements="10"/>
        </class>
        <line num="24" type="method" name="__construct" crap="1" count="3"/>
        <line num="27" type="stmt" count="3"/>
        <line num="28" type="stmt" count="3"/>
        <line num="29" type="stmt" count="3"/>
        <line num="36" type="method" name="loadFile" crap="1" count="3"/>
        <line num="39" type="stmt" count="3"/>
        <line num="40" type="stmt" count="3"/>
        <line num="41" type="stmt" count="2"/>
        <line num="47" type="method" name="getContent" crap="1" count="1"/>
        <line num="50" type="stmt" count="1"/>
        <metrics loc="53" ncloc="35" classes="1" methods="3" coveredmethods="3" conditionals="0" coveredconditionals="0" statements="7" coveredstatements="7" elements="10" coveredelements="10"/>
      </file>
    </package>
    <file name="D:\WebProject\MOC-Framework-Mark-V/Component/Template/Component/Bridge/Repository/SmartyTemplate/7686a87e1dfd637e99df87e1f97f3390abc3b4db.file.BridgeTest.php.php">
      <line num="4" type="stmt" count="1"/>
      <line num="9" type="stmt" count="1"/>
      <line num="10" type="stmt" count="1"/>
      <line num="11" type="stmt" count="1"/>
      <line num="12" type="stmt" count="1"/>
      <line num="13" type="stmt" count="1"/>
      <line num="14" type="stmt" count="1"/>
      <line num="17" type="stmt" count="1"/>
      <line num="18" type="stmt" count="1"/>
      <line num="19" type="stmt" count="1"/>
      <line num="20" type="stmt" count="1"/>
      <metrics loc="64" ncloc="60" classes="0" methods="0" coveredmethods="0" conditionals="0" coveredconditionals="0" statements="11" coveredstatements="11" elements="11" coveredelements="11"/>
    </file>
    <package name="MOC\V\Component\Template\Component\Exception">
      <file name="D:\WebProject\MOC-Framework-Mark-V/Component/Template/Component/Exception/ComponentException.php">
        <class name="ComponentException" namespace="MOC\V\Component\Template\Component\Exception" fullPackage="MOC" package="MOC">
          <metrics methods="1" coveredmethods="1" conditionals="0" coveredconditionals="0" statements="2" coveredstatements="2" elements="3" coveredelements="3"/>
        </class>
        <line num="19" type="method" name="__construct" crap="1" count="2"/>
        <line num="22" type="stmt" count="2"/>
        <line num="23" type="stmt" count="2"/>
        <metrics loc="24" ncloc="14" classes="1" methods="1" coveredmethods="1" conditionals="0" coveredconditionals="0" statements="2" coveredstatements="2" elements="3" coveredelements="3"/>
      </file>
    </package>
    <package name="MOC\V\Component\Template\Component\Exception\Repository">
      <file name="D:\WebProject\MOC-Framework-Mark-V/Component/Template/Component/Exception/Repository/EmptyFileException.php">
        <class name="EmptyFileException" namespace="MOC\V\Component\Template\Component\Exception\Repository" fullPackage="MOC" package="MOC">
          <metrics methods="1" coveredmethods="1" conditionals="0" coveredconditionals="0" statements="3" coveredstatements="3" elements="4" coveredelements="4"/>
        </class>
        <line num="19" type="method" name="__construct" crap="1" count="2"/>
        <line num="22" type="stmt" count="2"/>
        <line num="24" type="stmt" count="2"/>
        <line num="25" type="stmt" count="2"/>
        <metrics loc="27" ncloc="17" classes="1" methods="1" coveredmethods="1" conditionals="0" coveredconditionals="0" statements="3" coveredstatements="3" elements="4" coveredelements="4"/>
      </file>
      <file name="D:\WebProject\MOC-Framework-Mark-V/Component/Template/Component/Exception/Repository/TypeFileException.php">
        <class name="TypeFileException" namespace="MOC\V\Component\Template\Component\Exception\Repository" fullPackage="MOC" package="MOC">
          <metrics methods="1" coveredmethods="1" conditionals="0" coveredconditionals="0" statements="3" coveredstatements="3" elements="4" coveredelements="4"/>
        </class>
        <line num="19" type="method" name="__construct" crap="1" count="2"/>
        <line num="22" type="stmt" count="2"/>
        <line num="24" type="stmt" count="2"/>
        <line num="25" type="stmt" count="2"/>
        <metrics loc="27" ncloc="17" classes="1" methods="1" coveredmethods="1" conditionals="0" coveredconditionals="0" statements="3" coveredstatements="3" elements="4" coveredelements="4"/>
      </file>
    </package>
    <package name="MOC\V\Component\Template\Component\Parameter\Repository">
      <file name="D:\WebProject\MOC-Framework-Mark-V/Component/Template/Component/Parameter/Repository/FileParameter.php">
        <class name="FileParameter" namespace="MOC\V\Component\Template\Component\Parameter\Repository" fullPackage="MOC" package="MOC">
          <metrics methods="3" coveredmethods="3" conditionals="0" coveredconditionals="0" statements="10" coveredstatements="10" elements="13" coveredelements="13"/>
        </class>
        <line num="23" type="method" name="__construct" crap="1" count="6"/>
        <line num="26" type="stmt" count="6"/>
        <line num="27" type="stmt" count="6"/>
        <line num="32" type="method" name="getFile" crap="1" count="6"/>
        <line num="35" type="stmt" count="6"/>
        <line num="44" type="method" name="setFile" crap="3" count="6"/>
        <line num="47" type="stmt" count="6"/>
        <line num="48" type="stmt" count="1"/>
        <line num="50" type="stmt" count="6"/>
        <line num="51" type="stmt" count="6"/>
        <line num="52" type="stmt" count="6"/>
        <line num="53" type="stmt" count="1"/>
        <line num="56" type="stmt" count="6"/>
        <metrics loc="57" ncloc="39" classes="1" methods="3" coveredmethods="3" conditionals="0" coveredconditionals="0" statements="10" coveredstatements="10" elements="13" coveredelements="13"/>
      </file>
    </package>
    <package name="MOC\V\Component\Template\Exception">
      <file name="D:\WebProject\MOC-Framework-Mark-V/Component/Template/Exception/TemplateException.php">
        <class name="TemplateException" namespace="MOC\V\Component\Template\Exception" fullPackage="MOC" package="MOC">
          <metrics methods="1" coveredmethods="1" conditionals="0" coveredconditionals="0" statements="2" coveredstatements="2" elements="3" coveredelements="3"/>
        </class>
        <line num="19" type="method" name="__construct" crap="1" count="3"/>
        <line num="22" type="stmt" count="3"/>
        <line num="23" type="stmt" count="3"/>
        <metrics loc="24" ncloc="14" classes="1" methods="1" coveredmethods="1" conditionals="0" coveredconditionals="0" statements="2" coveredstatements="2" elements="3" coveredelements="3"/>
      </file>
      <file name="D:\WebProject\MOC-Framework-Mark-V/Component/Template/Exception/TemplateTypeException.php">
        <class name="TemplateTypeException" namespace="MOC\V\Component\Template\Exception" fullPackage="MOC" package="MOC">
          <metrics methods="1" coveredmethods="1" conditionals="0" coveredconditionals="0" statements="3" coveredstatements="3" elements="4" coveredelements="4"/>
        </class>
        <line num="17" type="method" name="__construct" crap="1" count="2"/>
        <line num="19" type="stmt" count="2"/>
        <line num="21" type="stmt" count="2"/>
        <line num="22" type="stmt" count="2"/>
        <metrics loc="23" ncloc="13" classes="1" methods="1" coveredmethods="1" conditionals="0" coveredconditionals="0" statements="3" coveredstatements="3" elements="4" coveredelements="4"/>
      </file>
    </package>
    <package name="MOC\V\Component\Template">
      <file name="D:\WebProject\MOC-Framework-Mark-V/Component/Template/Template.php">
        <class name="Template" namespace="MOC\V\Component\Template" fullPackage="MOC" package="MOC">
          <metrics methods="8" coveredmethods="8" conditionals="0" coveredconditionals="0" statements="29" coveredstatements="29" elements="37" coveredelements="37"/>
        </class>
        <line num="26" type="method" name="__construct" crap="1" count="4"/>
        <line num="29" type="stmt" count="4"/>
        <line num="30" type="stmt" count="4"/>
        <line num="38" type="method" name="getTemplate" crap="3" count="1"/>
        <line num="41" type="stmt" count="1"/>
        <line num="42" type="stmt" count="1"/>
        <line num="43" type="stmt" count="1"/>
        <line num="46" type="stmt" count="1"/>
        <line num="47" type="stmt" count="1"/>
        <line num="50" type="stmt" count="1"/>
        <line num="51" type="stmt" count="1"/>
        <line num="54" type="stmt" count="1"/>
        <line num="62" type="method" name="getTwigTemplate" crap="1" count="2"/>
        <line num="65" type="stmt" count="2"/>
        <line num="66" type="stmt" count="2"/>
        <line num="67" type="stmt" count="2"/>
        <line num="68" type="stmt" count="2"/>
        <line num="69" type="stmt" count="2"/>
        <line num="71" type="stmt" count="2"/>
        <line num="73" type="stmt" count="1"/>
        <line num="79" type="method" name="getBridgeInterface" crap="1" count="4"/>
        <line num="82" type="stmt" count="4"/>
        <line num="90" type="method" name="getSmartyTemplate" crap="1" count="2"/>
        <line num="93" type="stmt" count="2"/>
        <line num="94" type="stmt" count="2"/>
        <line num="95" type="stmt" count="2"/>
        <line num="96" type="stmt" count="2"/>
        <line num="97" type="stmt" count="2"/>
        <line num="99" type="stmt" count="2"/>
        <line num="101" type="stmt" count="2"/>
        <line num="107" type="method" name="getVendorInterface" crap="1" count="1"/>
        <line num="110" type="stmt" count="1"/>
        <line num="118" type="method" name="setVendorInterface" crap="1" count="4"/>
        <line num="121" type="stmt" count="4"/>
        <line num="122" type="stmt" count="4"/>
        <line num="130" type="method" name="setBridgeInterface" crap="1" count="1"/>
        <line num="133" type="stmt" count="1"/>
        <metrics loc="135" ncloc="94" classes="1" methods="8" coveredmethods="8" conditionals="0" coveredconditionals="0" statements="29" coveredstatements="29" elements="37" coveredelements="37"/>
      </file>
    </package>
    <package name="MOC\V\Component\Template\Vendor">
      <file name="D:\WebProject\MOC-Framework-Mark-V/Component/Template/Vendor/Vendor.php">
        <class name="Vendor" namespace="MOC\V\Component\Template\Vendor" fullPackage="MOC" package="MOC">
          <metrics methods="3" coveredmethods="3" conditionals="0" coveredconditionals="0" statements="5" coveredstatements="5" elements="8" coveredelements="8"/>
        </class>
        <line num="21" type="method" name="__construct" crap="1" count="5"/>
        <line num="24" type="stmt" count="5"/>
        <line num="25" type="stmt" count="5"/>
        <line num="30" type="method" name="getBridgeInterface" crap="1" count="5"/>
        <line num="33" type="stmt" count="5"/>
        <line num="41" type="method" name="setBridgeInterface" crap="1" count="5"/>
        <line num="44" type="stmt" count="5"/>
        <line num="45" type="stmt" count="5"/>
        <metrics loc="47" ncloc="30" classes="1" methods="3" coveredmethods="3" conditionals="0" coveredconditionals="0" statements="5" coveredstatements="5" elements="8" coveredelements="8"/>
      </file>
    </package>
    <package name="MOC\V\Core\AutoLoader">
      <file name="D:\WebProject\MOC-Framework-Mark-V/Core/AutoLoader/AutoLoader.php">
        <class name="AutoLoader" namespace="MOC\V\Core\AutoLoader" fullPackage="MOC" package="MOC">
          <metrics methods="7" coveredmethods="7" conditionals="0" coveredconditionals="0" statements="18" coveredstatements="18" elements="25" coveredelements="25"/>
        </class>
        <line num="49" type="method" name="__construct" crap="1" count="14"/>
        <line num="52" type="stmt" count="14"/>
        <line num="53" type="stmt" count="14"/>
        <line num="62" type="method" name="getNamespaceAutoLoader" crap="1" count="12"/>
        <line num="65" type="stmt" count="12"/>
        <line num="74" type="method" name="getUniversalNamespaceAutoLoader" crap="1" count="13"/>
        <line num="77" type="stmt" count="13"/>
        <line num="78" type="stmt" count="13"/>
        <line num="79" type="stmt" count="13"/>
        <line num="80" type="stmt" count="13"/>
        <line num="81" type="stmt" count="13"/>
        <line num="82" type="stmt" count="13"/>
        <line num="83" type="stmt" count="13"/>
        <line num="84" type="stmt" count="13"/>
        <line num="85" type="stmt" count="13"/>
        <line num="87" type="stmt" count="13"/>
        <line num="93" type="method" name="getBridgeInterface" crap="1" count="14"/>
        <line num="96" type="stmt" count="14"/>
        <line num="102" type="method" name="getVendorInterface" crap="1" count="1"/>
        <line num="105" type="stmt" count="1"/>
        <line num="113" type="method" name="setVendorInterface" crap="1" count="14"/>
        <line num="116" type="stmt" count="14"/>
        <line num="117" type="stmt" count="14"/>
        <line num="125" type="method" name="setBridgeInterface" crap="1" count="1"/>
        <line num="128" type="stmt" count="1"/>
        <metrics loc="130" ncloc="92" classes="1" methods="7" coveredmethods="7" conditionals="0" coveredconditionals="0" statements="18" coveredstatements="18" elements="25" coveredelements="25"/>
      </file>
    </package>
    <package name="MOC\V\Core\AutoLoader\Component\Bridge">
      <file name="D:\WebProject\MOC-Framework-Mark-V/Core/AutoLoader/Component/Bridge/Bridge.php">
        <class name="Bridge" namespace="MOC\V\Core\AutoLoader\Component\Bridge" fullPackage="MOC" package="MOC">
          <metrics methods="2" coveredmethods="2" conditionals="0" coveredconditionals="0" statements="4" coveredstatements="4" elements="6" coveredelements="6"/>
        </class>
        <line num="17" type="method" name="registerLoader" crap="1" count="14"/>
        <line num="20" type="stmt" count="14"/>
        <line num="21" type="stmt" count="14"/>
        <line num="27" type="method" name="unregisterLoader" crap="1" count="3"/>
        <line num="30" type="stmt" count="3"/>
        <line num="31" type="stmt" count="3"/>
        <metrics loc="34" ncloc="23" classes="1" methods="2" coveredmethods="2" conditionals="0" coveredconditionals="0" statements="4" coveredstatements="4" elements="6" coveredelements="6"/>
      </file>
    </package>
    <package name="MOC\V\Core\AutoLoader\Component\Bridge\Repository">
      <file name="D:\WebProject\MOC-Framework-Mark-V/Core/AutoLoader/Component/Bridge/Repository/UniversalNamespace.php">
        <class name="UniversalNamespace" namespace="MOC\V\Core\AutoLoader\Component\Bridge\Repository" fullPackage="MOC" package="MOC">
          <metrics methods="3" coveredmethods="3" conditionals="0" coveredconditionals="0" statements="5" coveredstatements="5" elements="8" coveredelements="8"/>
        </class>
        <line num="21" type="method" name="__construct" crap="1" count="14"/>
        <line num="24" type="stmt" count="14"/>
        <line num="25" type="stmt" count="14"/>
        <line num="32" type="method" name="loadSourceFile" crap="1" count="25"/>
        <line num="35" type="stmt" count="25"/>
        <line num="44" type="method" name="addNamespaceDirectoryMapping" crap="1" count="14"/>
        <line num="47" type="stmt" count="14"/>
        <line num="48" type="stmt" count="14"/>
        <metrics loc="50" ncloc="33" classes="1" methods="3" coveredmethods="3" conditionals="0" coveredconditionals="0" statements="5" coveredstatements="5" elements="8" coveredelements="8"/>
      </file>
    </package>
    <package name="MOC\V\Core\AutoLoader\Component\Exception">
      <file name="D:\WebProject\MOC-Framework-Mark-V/Core/AutoLoader/Component/Exception/ComponentException.php">
        <class name="ComponentException" namespace="MOC\V\Core\AutoLoader\Component\Exception" fullPackage="MOC" package="MOC">
          <metrics methods="1" coveredmethods="1" conditionals="0" coveredconditionals="0" statements="2" coveredstatements="2" elements="3" coveredelements="3"/>
        </class>
        <line num="19" type="method" name="__construct" crap="1" count="3"/>
        <line num="22" type="stmt" count="3"/>
        <line num="23" type="stmt" count="3"/>
        <metrics loc="24" ncloc="14" classes="1" methods="1" coveredmethods="1" conditionals="0" coveredconditionals="0" statements="2" coveredstatements="2" elements="3" coveredelements="3"/>
      </file>
    </package>
    <package name="MOC\V\Core\AutoLoader\Component\Exception\Repository">
      <file name="D:\WebProject\MOC-Framework-Mark-V/Core/AutoLoader/Component/Exception/Repository/DirectoryNotFoundException.php">
        <class name="DirectoryNotFoundException" namespace="MOC\V\Core\AutoLoader\Component\Exception\Repository" fullPackage="MOC" package="MOC">
          <metrics methods="1" coveredmethods="1" conditionals="0" coveredconditionals="0" statements="2" coveredstatements="2" elements="3" coveredelements="3"/>
        </class>
        <line num="19" type="method" name="__construct" crap="1" count="2"/>
        <line num="22" type="stmt" count="2"/>
        <line num="23" type="stmt" count="2"/>
        <metrics loc="24" ncloc="14" classes="1" methods="1" coveredmethods="1" conditionals="0" coveredconditionals="0" statements="2" coveredstatements="2" elements="3" coveredelements="3"/>
      </file>
      <file name="D:\WebProject\MOC-Framework-Mark-V/Core/AutoLoader/Component/Exception/Repository/EmptyDirectoryException.php">
        <class name="EmptyDirectoryException" namespace="MOC\V\Core\AutoLoader\Component\Exception\Repository" fullPackage="MOC" package="MOC">
          <metrics methods="1" coveredmethods="1" conditionals="0" coveredconditionals="0" statements="2" coveredstatements="2" elements="3" coveredelements="3"/>
        </class>
        <line num="19" type="method" name="__construct" crap="1" count="2"/>
        <line num="22" type="stmt" count="2"/>
        <line num="23" type="stmt" count="2"/>
        <metrics loc="24" ncloc="14" classes="1" methods="1" coveredmethods="1" conditionals="0" coveredconditionals="0" statements="2" coveredstatements="2" elements="3" coveredelements="3"/>
      </file>
      <file name="D:\WebProject\MOC-Framework-Mark-V/Core/AutoLoader/Component/Exception/Repository/EmptyNamespaceException.php">
        <class name="EmptyNamespaceException" namespace="MOC\V\Core\AutoLoader\Component\Exception\Repository" fullPackage="MOC" package="MOC">
          <metrics methods="1" coveredmethods="1" conditionals="0" coveredconditionals="0" statements="2" coveredstatements="2" elements="3" coveredelements="3"/>
        </class>
        <line num="19" type="method" name="__construct" crap="1" count="2"/>
        <line num="22" type="stmt" count="2"/>
        <line num="23" type="stmt" count="2"/>
        <metrics loc="24" ncloc="14" classes="1" methods="1" coveredmethods="1" conditionals="0" coveredconditionals="0" statements="2" coveredstatements="2" elements="3" coveredelements="3"/>
      </file>
    </package>
    <package name="MOC\V\Core\AutoLoader\Component\Parameter\Repository">
      <file name="D:\WebProject\MOC-Framework-Mark-V/Core/AutoLoader/Component/Parameter/Repository/DirectoryParameter.php">
        <class name="DirectoryParameter" namespace="MOC\V\Core\AutoLoader\Component\Parameter\Repository" fullPackage="MOC" package="MOC">
          <metrics methods="3" coveredmethods="3" conditionals="0" coveredconditionals="0" statements="10" coveredstatements="10" elements="13" coveredelements="13"/>
        </class>
        <line num="23" type="method" name="__construct" crap="1" count="15"/>
        <line num="26" type="stmt" count="15"/>
        <line num="27" type="stmt" count="15"/>
        <line num="32" type="method" name="getDirectory" crap="1" count="15"/>
        <line num="35" type="stmt" count="15"/>
        <line num="44" type="method" name="setDirectory" crap="3" count="15"/>
        <line num="47" type="stmt" count="15"/>
        <line num="48" type="stmt" count="1"/>
        <line num="50" type="stmt" count="15"/>
        <line num="51" type="stmt" count="15"/>
        <line num="52" type="stmt" count="15"/>
        <line num="53" type="stmt" count="1"/>
        <line num="55" type="stmt" count="15"/>
        <metrics loc="57" ncloc="39" classes="1" methods="3" coveredmethods="3" conditionals="0" coveredconditionals="0" statements="10" coveredstatements="10" elements="13" coveredelements="13"/>
      </file>
      <file name="D:\WebProject\MOC-Framework-Mark-V/Core/AutoLoader/Component/Parameter/Repository/NamespaceParameter.php">
        <class name="NamespaceParameter" namespace="MOC\V\Core\AutoLoader\Component\Parameter\Repository" fullPackage="MOC" package="MOC">
          <metrics methods="3" coveredmethods="3" conditionals="0" coveredconditionals="0" statements="8" coveredstatements="8" elements="11" coveredelements="11"/>
        </class>
        <line num="22" type="method" name="__construct" crap="1" count="15"/>
        <line num="25" type="stmt" count="15"/>
        <line num="27" type="stmt" count="15"/>
        <line num="32" type="method" name="getNamespace" crap="1" count="15"/>
        <line num="35" type="stmt" count="15"/>
        <line num="43" type="method" name="setNamespace" crap="2" count="15"/>
        <line num="46" type="stmt" count="15"/>
        <line num="47" type="stmt" count="15"/>
        <line num="48" type="stmt" count="1"/>
        <line num="50" type="stmt" count="15"/>
        <line num="52" type="stmt" count="15"/>
        <metrics loc="54" ncloc="37" classes="1" methods="3" coveredmethods="3" conditionals="0" coveredconditionals="0" statements="8" coveredstatements="8" elements="11" coveredelements="11"/>
      </file>
    </package>
    <package name="MOC\V\Core\AutoLoader\Exception">
      <file name="D:\WebProject\MOC-Framework-Mark-V/Core/AutoLoader/Exception/AutoLoaderException.php">
        <class name="AutoLoaderException" namespace="MOC\V\Core\AutoLoader\Exception" fullPackage="MOC" package="MOC">
          <metrics methods="1" coveredmethods="1" conditionals="0" coveredconditionals="0" statements="2" coveredstatements="2" elements="3" coveredelements="3"/>
        </class>
        <line num="14" type="method" name="__construct" crap="1" count="3"/>
        <line num="17" type="stmt" count="3"/>
        <line num="18" type="stmt" count="3"/>
        <metrics loc="19" ncloc="14" classes="1" methods="1" coveredmethods="1" conditionals="0" coveredconditionals="0" statements="2" coveredstatements="2" elements="3" coveredelements="3"/>
      </file>
    </package>
    <package name="MOC\V\Core\AutoLoader\Vendor\Universal">
      <file name="D:\WebProject\MOC-Framework-Mark-V/Core/AutoLoader/Vendor/Universal/NamespaceLoader.php">
        <class name="NamespaceLoader" namespace="MOC\V\Core\AutoLoader\Vendor\Universal" fullPackage="MOC" package="MOC">
          <metrics methods="5" coveredmethods="5" conditionals="0" coveredconditionals="0" statements="24" coveredstatements="24" elements="29" coveredelements="29"/>
        </class>
        <line num="19" type="method" name="loadClass" crap="3" count="25"/>
        <line num="22" type="stmt" count="25"/>
        <line num="23" type="stmt" count="25"/>
        <line num="24" type="stmt" count="24"/>
        <line num="26" type="stmt" count="6"/>
        <line num="34" type="method" name="findSource" crap="9" count="25"/>
        <line num="37" type="stmt" count="25"/>
        <line num="42" type="stmt" count="25"/>
        <line num="43" type="stmt" count="25"/>
        <line num="44" type="stmt" count="6"/>
        <line num="46" type="stmt" count="24"/>
        <line num="48" type="stmt" count="24"/>
        <line num="49" type="stmt" count="24"/>
        <line num="50" type="stmt" count="24"/>
        <line num="51" type="stmt" count="2"/>
        <line num="52" type="stmt" count="24"/>
        <line num="53" type="stmt" count="24"/>
        <line num="55" type="stmt" count="6"/>
        <line num="56" type="stmt" count="6"/>
        <line num="64" type="method" name="getClassNamespace" crap="1" count="25"/>
        <line num="67" type="stmt" count="25"/>
        <line num="68" type="stmt" count="25"/>
        <line num="76" type="method" name="findInclude" crap="2" count="6"/>
        <line num="79" type="stmt" count="6"/>
        <line num="80" type="stmt" count="6"/>
        <line num="87" type="stmt" count="6"/>
        <line num="95" type="method" name="getClassName" crap="2" count="6"/>
        <line num="98" type="stmt" count="6"/>
        <line num="99" type="stmt" count="6"/>
        <metrics loc="102" ncloc="63" classes="1" methods="5" coveredmethods="5" conditionals="0" coveredconditionals="0" statements="24" coveredstatements="24" elements="29" coveredelements="29"/>
      </file>
    </package>
    <package name="MOC\V\Core\AutoLoader\Vendor\Universal\NamespaceLoader">
      <file name="D:\WebProject\MOC-Framework-Mark-V/Core/AutoLoader/Vendor/Universal/NamespaceLoader/NamespaceMapping.php">
        <class name="NamespaceMapping" namespace="MOC\V\Core\AutoLoader\Vendor\Universal\NamespaceLoader" fullPackage="MOC" package="MOC">
          <metrics methods="3" coveredmethods="3" conditionals="0" coveredconditionals="0" statements="11" coveredstatements="11" elements="14" coveredelements="14"/>
        </class>
        <line num="21" type="method" name="addNamespaceMapping" crap="3" count="14"/>
        <line num="24" type="stmt" count="14"/>
        <line num="25" type="stmt" count="14"/>
        <line num="26" type="stmt" count="14"/>
        <line num="27" type="stmt" count="14"/>
        <line num="28" type="stmt" count="14"/>
        <line num="29" type="stmt" count="14"/>
        <line num="30" type="stmt" count="14"/>
        <line num="31" type="stmt" count="14"/>
        <line num="32" type="stmt" count="14"/>
        <line num="39" type="method" name="getNamespaceMapping" crap="2" count="24"/>
        <line num="42" type="stmt" count="24"/>
        <line num="48" type="method" name="getNamespaceList" crap="1" count="25"/>
        <line num="51" type="stmt" count="25"/>
        <metrics loc="53" ncloc="33" classes="1" methods="3" coveredmethods="3" conditionals="0" coveredconditionals="0" statements="11" coveredstatements="11" elements="14" coveredelements="14"/>
      </file>
      <file name="D:\WebProject\MOC-Framework-Mark-V/Core/AutoLoader/Vendor/Universal/NamespaceLoader/NamespaceSearch.php">
        <class name="NamespaceSearch" namespace="MOC\V\Core\AutoLoader\Vendor\Universal\NamespaceLoader" fullPackage="MOC" package="MOC">
          <metrics methods="4" coveredmethods="4" conditionals="0" coveredconditionals="0" statements="16" coveredstatements="16" elements="20" coveredelements="20"/>
        </class>
        <line num="19" type="method" name="searchForInterfaceFallback" crap="1" count="2"/>
        <line num="22" type="stmt" count="2"/>
        <line num="23" type="stmt" count="2"/>
        <line num="24" type="stmt" count="2"/>
        <line num="33" type="method" name="searchForInterface" crap="1" count="2"/>
        <line num="36" type="stmt" count="2"/>
        <line num="37" type="stmt" count="2"/>
        <line num="46" type="method" name="searchForClass" crap="3" count="24"/>
        <line num="49" type="stmt" count="24"/>
        <line num="50" type="stmt" count="24"/>
        <line num="51" type="stmt" count="24"/>
        <line num="52" type="stmt" count="24"/>
        <line num="54" type="stmt" count="24"/>
        <line num="55" type="stmt" count="24"/>
        <line num="57" type="stmt" count="24"/>
        <line num="58" type="stmt" count="24"/>
        <line num="68" type="method" name="searchForClassFallback" crap="1" count="24"/>
        <line num="71" type="stmt" count="24"/>
        <line num="72" type="stmt" count="24"/>
        <line num="73" type="stmt" count="24"/>
        <metrics loc="75" ncloc="43" classes="1" methods="4" coveredmethods="4" conditionals="0" coveredconditionals="0" statements="16" coveredstatements="16" elements="20" coveredelements="20"/>
      </file>
    </package>
    <package name="MOC\V\Core\AutoLoader\Vendor">
      <file name="D:\WebProject\MOC-Framework-Mark-V/Core/AutoLoader/Vendor/Vendor.php">
        <class name="Vendor" namespace="MOC\V\Core\AutoLoader\Vendor" fullPackage="MOC" package="MOC">
          <metrics methods="3" coveredmethods="3" conditionals="0" coveredconditionals="0" statements="5" coveredstatements="5" elements="8" coveredelements="8"/>
        </class>
        <line num="21" type="method" name="__construct" crap="1" count="15"/>
        <line num="24" type="stmt" count="15"/>
        <line num="25" type="stmt" count="15"/>
        <line num="30" type="method" name="getBridgeInterface" crap="1" count="15"/>
        <line num="33" type="stmt" count="15"/>
        <line num="41" type="method" name="setBridgeInterface" crap="1" count="15"/>
        <line num="44" type="stmt" count="15"/>
        <line num="45" type="stmt" count="15"/>
        <metrics loc="47" ncloc="30" classes="1" methods="3" coveredmethods="3" conditionals="0" coveredconditionals="0" statements="5" coveredstatements="5" elements="8" coveredelements="8"/>
      </file>
    </package>
    <package name="MOC\V\Core\FileSystem\Component\Bridge\Repository">
      <file name="D:\WebProject\MOC-Framework-Mark-V/Core/FileSystem/Component/Bridge/Repository/UniversalFileLoader.php">
        <class name="UniversalFileLoader" namespace="MOC\V\Core\FileSystem\Component\Bridge\Repository" fullPackage="MOC" package="MOC">
          <metrics methods="2" coveredmethods="2" conditionals="0" coveredconditionals="0" statements="3" coveredstatements="3" elements="5" coveredelements="5"/>
        </class>
        <line num="23" type="method" name="__construct" crap="1" count="3"/>
        <line num="26" type="stmt" count="3"/>
        <line num="27" type="stmt" count="3"/>
        <line num="32" type="method" name="getLocation" crap="1" count="1"/>
        <line num="35" type="stmt" count="1"/>
        <metrics loc="38" ncloc="26" classes="1" methods="2" coveredmethods="2" conditionals="0" coveredconditionals="0" statements="3" coveredstatements="3" elements="5" coveredelements="5"/>
      </file>
      <file name="D:\WebProject\MOC-Framework-Mark-V/Core/FileSystem/Component/Bridge/Repository/UniversalFileWriter.php">
        <class name="UniversalFileWriter" namespace="MOC\V\Core\FileSystem\Component\Bridge\Repository" fullPackage="MOC" package="MOC">
          <metrics methods="2" coveredmethods="2" conditionals="0" coveredconditionals="0" statements="3" coveredstatements="3" elements="5" coveredelements="5"/>
        </class>
        <line num="23" type="method" name="__construct" crap="1" count="3"/>
        <line num="26" type="stmt" count="3"/>
        <line num="27" type="stmt" count="3"/>
        <line num="32" type="method" name="getLocation" crap="1" count="1"/>
        <line num="35" type="stmt" count="1"/>
        <metrics loc="38" ncloc="26" classes="1" methods="2" coveredmethods="2" conditionals="0" coveredconditionals="0" statements="3" coveredstatements="3" elements="5" coveredelements="5"/>
      </file>
    </package>
    <package name="MOC\V\Core\FileSystem\Component\Exception">
      <file name="D:\WebProject\MOC-Framework-Mark-V/Core/FileSystem/Component/Exception/ComponentException.php">
        <class name="ComponentException" namespace="MOC\V\Core\FileSystem\Component\Exception" fullPackage="MOC" package="MOC">
          <metrics methods="1" coveredmethods="1" conditionals="0" coveredconditionals="0" statements="2" coveredstatements="2" elements="3" coveredelements="3"/>
        </class>
        <line num="19" type="method" name="__construct" crap="1" count="7"/>
        <line num="22" type="stmt" count="7"/>
        <line num="23" type="stmt" count="7"/>
        <metrics loc="24" ncloc="14" classes="1" methods="1" coveredmethods="1" conditionals="0" coveredconditionals="0" statements="2" coveredstatements="2" elements="3" coveredelements="3"/>
      </file>
    </package>
    <package name="MOC\V\Core\FileSystem\Component\Exception\Repository">
      <file name="D:\WebProject\MOC-Framework-Mark-V/Core/FileSystem/Component/Exception/Repository/EmptyDirectoryException.php">
        <class name="EmptyDirectoryException" namespace="MOC\V\Core\FileSystem\Component\Exception\Repository" fullPackage="MOC" package="MOC">
          <metrics methods="1" coveredmethods="1" conditionals="0" coveredconditionals="0" statements="3" coveredstatements="3" elements="4" coveredelements="4"/>
        </class>
        <line num="19" type="method" name="__construct" crap="1" count="2"/>
        <line num="22" type="stmt" count="2"/>
        <line num="24" type="stmt" count="2"/>
        <line num="25" type="stmt" count="2"/>
        <metrics loc="27" ncloc="17" classes="1" methods="1" coveredmethods="1" conditionals="0" coveredconditionals="0" statements="3" coveredstatements="3" elements="4" coveredelements="4"/>
      </file>
      <file name="D:\WebProject\MOC-Framework-Mark-V/Core/FileSystem/Component/Exception/Repository/EmptyFileException.php">
        <class name="EmptyFileException" namespace="MOC\V\Core\FileSystem\Component\Exception\Repository" fullPackage="MOC" package="MOC">
          <metrics methods="1" coveredmethods="1" conditionals="0" coveredconditionals="0" statements="3" coveredstatements="3" elements="4" coveredelements="4"/>
        </class>
        <line num="19" type="method" name="__construct" crap="1" count="2"/>
        <line num="22" type="stmt" count="2"/>
        <line num="24" type="stmt" count="2"/>
        <line num="25" type="stmt" count="2"/>
        <metrics loc="27" ncloc="17" classes="1" methods="1" coveredmethods="1" conditionals="0" coveredconditionals="0" statements="3" coveredstatements="3" elements="4" coveredelements="4"/>
      </file>
      <file name="D:\WebProject\MOC-Framework-Mark-V/Core/FileSystem/Component/Exception/Repository/MissingDirectoryException.php">
        <class name="MissingDirectoryException" namespace="MOC\V\Core\FileSystem\Component\Exception\Repository" fullPackage="MOC" package="MOC">
          <metrics methods="1" coveredmethods="1" conditionals="0" coveredconditionals="0" statements="3" coveredstatements="3" elements="4" coveredelements="4"/>
        </class>
        <line num="19" type="method" name="__construct" crap="1" count="1"/>
        <line num="22" type="stmt" count="1"/>
        <line num="24" type="stmt" count="1"/>
        <line num="25" type="stmt" count="1"/>
        <metrics loc="27" ncloc="17" classes="1" methods="1" coveredmethods="1" conditionals="0" coveredconditionals="0" statements="3" coveredstatements="3" elements="4" coveredelements="4"/>
      </file>
      <file name="D:\WebProject\MOC-Framework-Mark-V/Core/FileSystem/Component/Exception/Repository/MissingFileException.php">
        <class name="MissingFileException" namespace="MOC\V\Core\FileSystem\Component\Exception\Repository" fullPackage="MOC" package="MOC">
          <metrics methods="1" coveredmethods="1" conditionals="0" coveredconditionals="0" statements="3" coveredstatements="3" elements="4" coveredelements="4"/>
        </class>
        <line num="19" type="method" name="__construct" crap="1" count="1"/>
        <line num="22" type="stmt" count="1"/>
        <line num="24" type="stmt" count="1"/>
        <line num="25" type="stmt" count="1"/>
        <metrics loc="27" ncloc="17" classes="1" methods="1" coveredmethods="1" conditionals="0" coveredconditionals="0" statements="3" coveredstatements="3" elements="4" coveredelements="4"/>
      </file>
      <file name="D:\WebProject\MOC-Framework-Mark-V/Core/FileSystem/Component/Exception/Repository/TypeDirectoryException.php">
        <class name="TypeDirectoryException" namespace="MOC\V\Core\FileSystem\Component\Exception\Repository" fullPackage="MOC" package="MOC">
          <metrics methods="1" coveredmethods="1" conditionals="0" coveredconditionals="0" statements="3" coveredstatements="3" elements="4" coveredelements="4"/>
        </class>
        <line num="19" type="method" name="__construct" crap="1" count="2"/>
        <line num="22" type="stmt" count="2"/>
        <line num="24" type="stmt" count="2"/>
        <line num="25" type="stmt" count="2"/>
        <metrics loc="27" ncloc="17" classes="1" methods="1" coveredmethods="1" conditionals="0" coveredconditionals="0" statements="3" coveredstatements="3" elements="4" coveredelements="4"/>
      </file>
      <file name="D:\WebProject\MOC-Framework-Mark-V/Core/FileSystem/Component/Exception/Repository/TypeFileException.php">
        <class name="TypeFileException" namespace="MOC\V\Core\FileSystem\Component\Exception\Repository" fullPackage="MOC" package="MOC">
          <metrics methods="1" coveredmethods="1" conditionals="0" coveredconditionals="0" statements="3" coveredstatements="3" elements="4" coveredelements="4"/>
        </class>
        <line num="19" type="method" name="__construct" crap="1" count="6"/>
        <line num="22" type="stmt" count="6"/>
        <line num="24" type="stmt" count="6"/>
        <line num="25" type="stmt" count="6"/>
        <metrics loc="27" ncloc="17" classes="1" methods="1" coveredmethods="1" conditionals="0" coveredconditionals="0" statements="3" coveredstatements="3" elements="4" coveredelements="4"/>
      </file>
    </package>
    <package name="MOC\V\Core\FileSystem\Component\Parameter\Repository">
      <file name="D:\WebProject\MOC-Framework-Mark-V/Core/FileSystem/Component/Parameter/Repository/DirectoryParameter.php">
        <class name="DirectoryParameter" namespace="MOC\V\Core\FileSystem\Component\Parameter\Repository" fullPackage="MOC" package="MOC">
          <metrics methods="3" coveredmethods="3" conditionals="0" coveredconditionals="0" statements="10" coveredstatements="10" elements="13" coveredelements="13"/>
        </class>
        <line num="23" type="method" name="__construct" crap="1" count="1"/>
        <line num="26" type="stmt" count="1"/>
        <line num="27" type="stmt" count="1"/>
        <line num="32" type="method" name="getDirectory" crap="1" count="1"/>
        <line num="35" type="stmt" count="1"/>
[...]
      </file>
      <file name="D:\WebProject\MOC-Framework-Mark-V/TestSuite/Tests/Core/AutoLoader/ModuleTest.php">
        <class name="ModuleTest" namespace="MOC\V\TestSuite\Tests\Core\AutoLoader">
          <metrics methods="3" coveredmethods="3" conditionals="0" coveredconditionals="0" statements="21" coveredstatements="21" elements="24" coveredelements="24"/>
        </class>
        <line num="10" type="method" name="testModule" crap="1" count="1"/>
        <line num="14" type="stmt" count="1"/>
        <line num="15" type="stmt" count="1"/>
        <line num="16" type="stmt" count="1"/>
        <line num="18" type="stmt" count="1"/>
        <line num="19" type="stmt" count="1"/>
        <line num="20" type="stmt" count="1"/>
        <line num="21" type="stmt" count="1"/>
        <line num="22" type="stmt" count="1"/>
        <line num="23" type="stmt" count="1"/>
        <line num="24" type="stmt" count="1"/>
        <line num="25" type="stmt" count="1"/>
        <line num="26" type="stmt" count="1"/>
        <line num="28" type="stmt" count="1"/>
        <line num="30" type="method" name="testStaticUniversalNamespaceAutoLoader" crap="1" count="1"/>
        <line num="33" type="stmt" count="1"/>
        <line num="34" type="stmt" count="1"/>
        <line num="35" type="stmt" count="1"/>
        <line num="36" type="stmt" count="1"/>
        <line num="38" type="method" name="testStaticNamespaceAutoLoader" crap="1" count="1"/>
        <line num="41" type="stmt" count="1"/>
        <line num="42" type="stmt" count="1"/>
        <line num="43" type="stmt" count="1"/>
        <line num="44" type="stmt" count="1"/>
        <metrics loc="45" ncloc="44" classes="1" methods="3" coveredmethods="3" conditionals="0" coveredconditionals="0" statements="21" coveredstatements="21" elements="24" coveredelements="24"/>
      </file>
      <file name="D:\WebProject\MOC-Framework-Mark-V/TestSuite/Tests/Core/AutoLoader/ParameterTest.php">
        <class name="ParameterTest" namespace="MOC\V\TestSuite\Tests\Core\AutoLoader">
          <metrics methods="3" coveredmethods="3" conditionals="0" coveredconditionals="0" statements="24" coveredstatements="24" elements="27" coveredelements="27"/>
        </class>
        <line num="10" type="method" name="testAbstractParameter" crap="1" count="1"/>
        <line num="14" type="stmt" count="1"/>
        <line num="16" type="stmt" count="1"/>
        <line num="17" type="stmt" count="1"/>
        <line num="19" type="stmt" count="1"/>
        <line num="21" type="method" name="testNamespaceParameter" crap="2" count="1"/>
        <line num="25" type="stmt" count="1"/>
        <line num="26" type="stmt" count="1"/>
        <line num="27" type="stmt" count="1"/>
        <line num="28" type="stmt" count="1"/>
        <line num="31" type="stmt" count="1"/>
        <line num="32" type="stmt" count="1"/>
        <line num="34" type="stmt" count="1"/>
        <line num="35" type="stmt" count="1"/>
        <line num="37" type="stmt" count="1"/>
        <line num="39" type="method" name="testDirectoryParameter" crap="3" count="1"/>
        <line num="43" type="stmt" count="1"/>
        <line num="44" type="stmt" count="1"/>
        <line num="45" type="stmt" count="1"/>
        <line num="46" type="stmt" count="1"/>
        <line num="49" type="stmt" count="1"/>
        <line num="50" type="stmt" count="1"/>
        <line num="52" type="stmt" count="1"/>
        <line num="53" type="stmt" count="1"/>
        <line num="54" type="stmt" count="1"/>
        <line num="55" type="stmt" count="1"/>
        <line num="58" type="stmt" count="1"/>
        <metrics loc="60" ncloc="59" classes="1" methods="3" coveredmethods="3" conditionals="0" coveredconditionals="0" statements="24" coveredstatements="24" elements="27" coveredelements="27"/>
      </file>
      <file name="D:\WebProject\MOC-Framework-Mark-V/TestSuite/Tests/Core/AutoLoader/VendorTest.php">
        <class name="VendorTest" namespace="MOC\V\TestSuite\Tests\Core\AutoLoader">
          <metrics methods="1" coveredmethods="1" conditionals="0" coveredconditionals="0" statements="7" coveredstatements="7" elements="8" coveredelements="8"/>
        </class>
        <line num="9" type="method" name="testVendor" crap="1" count="1"/>
        <line num="13" type="stmt" count="1"/>
        <line num="15" type="stmt" count="1"/>
        <line num="17" type="stmt" count="1"/>
        <line num="18" type="stmt" count="1"/>
        <line num="20" type="stmt" count="1"/>
        <line num="21" type="stmt" count="1"/>
        <line num="22" type="stmt" count="1"/>
        <metrics loc="23" ncloc="22" classes="1" methods="1" coveredmethods="1" conditionals="0" coveredconditionals="0" statements="7" coveredstatements="7" elements="8" coveredelements="8"/>
      </file>
    </package>
    <package name="MOC\V\TestSuite\Tests\Core\FileSystem">
      <file name="D:\WebProject\MOC-Framework-Mark-V/TestSuite/Tests/Core/FileSystem/BridgeTest.php">
        <class name="BridgeTest" namespace="MOC\V\TestSuite\Tests\Core\FileSystem">
          <metrics methods="2" coveredmethods="2" conditionals="0" coveredconditionals="0" statements="8" coveredstatements="8" elements="10" coveredelements="10"/>
        </class>
        <line num="11" type="method" name="testUniversalFileLoader" crap="1" count="1"/>
        <line num="14" type="stmt" count="1"/>
        <line num="15" type="stmt" count="1"/>
        <line num="16" type="stmt" count="1"/>
        <line num="17" type="stmt" count="1"/>
        <line num="19" type="method" name="testUniversalFileWriter" crap="1" count="1"/>
        <line num="22" type="stmt" count="1"/>
        <line num="23" type="stmt" count="1"/>
        <line num="24" type="stmt" count="1"/>
        <line num="25" type="stmt" count="1"/>
        <metrics loc="26" ncloc="26" classes="1" methods="2" coveredmethods="2" conditionals="0" coveredconditionals="0" statements="8" coveredstatements="8" elements="10" coveredelements="10"/>
      </file>
      <file name="D:\WebProject\MOC-Framework-Mark-V/TestSuite/Tests/Core/FileSystem/ExceptionTest.php">
        <class name="ExceptionTest" namespace="MOC\V\TestSuite\Tests\Core\FileSystem">
          <metrics methods="1" coveredmethods="1" conditionals="0" coveredconditionals="0" statements="28" coveredstatements="28" elements="29" coveredelements="29"/>
        </class>
        <line num="16" type="method" name="testFileSystemException" crap="9" count="1"/>
        <line num="20" type="stmt" count="1"/>
        <line num="21" type="stmt" count="1"/>
        <line num="22" type="stmt" count="1"/>
        <line num="26" type="stmt" count="1"/>
        <line num="27" type="stmt" count="1"/>
        <line num="28" type="stmt" count="1"/>
        <line num="32" type="stmt" count="1"/>
        <line num="33" type="stmt" count="1"/>
        <line num="34" type="stmt" count="1"/>
        <line num="35" type="stmt" count="1"/>
        <line num="39" type="stmt" count="1"/>
        <line num="40" type="stmt" count="1"/>
        <line num="41" type="stmt" count="1"/>
        <line num="45" type="stmt" count="1"/>
        <line num="46" type="stmt" count="1"/>
        <line num="47" type="stmt" count="1"/>
        <line num="48" type="stmt" count="1"/>
        <line num="52" type="stmt" count="1"/>
        <line num="53" type="stmt" count="1"/>
        <line num="54" type="stmt" count="1"/>
        <line num="58" type="stmt" count="1"/>
        <line num="59" type="stmt" count="1"/>
        <line num="60" type="stmt" count="1"/>
        <line num="61" type="stmt" count="1"/>
        <line num="65" type="stmt" count="1"/>
        <line num="66" type="stmt" count="1"/>
        <line num="67" type="stmt" count="1"/>
        <line num="70" type="stmt" count="1"/>
        <metrics loc="72" ncloc="72" classes="1" methods="1" coveredmethods="1" conditionals="0" coveredconditionals="0" statements="28" coveredstatements="28" elements="29" coveredelements="29"/>
      </file>
      <file name="D:\WebProject\MOC-Framework-Mark-V/TestSuite/Tests/Core/FileSystem/ModuleTest.php">
        <class name="ModuleTest" namespace="MOC\V\TestSuite\Tests\Core\FileSystem">
          <metrics methods="5" coveredmethods="5" conditionals="0" coveredconditionals="0" statements="39" coveredstatements="39" elements="44" coveredelements="44"/>
        </class>
        <line num="10" type="method" name="testModule" crap="1" count="1"/>
        <line num="14" type="stmt" count="1"/>
        <line num="15" type="stmt" count="1"/>
        <line num="16" type="stmt" count="1"/>
        <line num="18" type="stmt" count="1"/>
        <line num="19" type="stmt" count="1"/>
        <line num="20" type="stmt" count="1"/>
        <line num="21" type="stmt" count="1"/>
        <line num="22" type="stmt" count="1"/>
        <line num="23" type="stmt" count="1"/>
        <line num="24" type="stmt" count="1"/>
        <line num="25" type="stmt" count="1"/>
        <line num="26" type="stmt" count="1"/>
        <line num="28" type="stmt" count="1"/>
        <line num="30" type="method" name="testStaticUniversalFileLoader" crap="2" count="1"/>
        <line num="34" type="stmt" count="1"/>
        <line num="35" type="stmt" count="1"/>
        <line num="36" type="stmt" count="1"/>
        <line num="39" type="stmt" count="1"/>
        <line num="41" type="stmt" count="1"/>
        <line num="43" type="stmt" count="1"/>
        <line num="44" type="stmt" count="1"/>
        <line num="46" type="method" name="testStaticUniversalFileWriter" crap="2" count="1"/>
        <line num="50" type="stmt" count="1"/>
        <line num="51" type="stmt" count="1"/>
        <line num="52" type="stmt" count="1"/>
        <line num="55" type="stmt" count="1"/>
        <line num="57" type="stmt" count="1"/>
        <line num="59" type="stmt" count="1"/>
        <line num="60" type="stmt" count="1"/>
        <line num="62" type="method" name="testStaticFileWriter" crap="3" count="1"/>
        <line num="66" type="stmt" count="1"/>
        <line num="67" type="stmt" count="1"/>
        <line num="68" type="stmt" count="1"/>
        <line num="71" type="stmt" count="1"/>
        <line num="72" type="stmt" count="1"/>
        <line num="75" type="stmt" count="1"/>
        <line num="77" type="method" name="testStaticFileLoader" crap="3" count="1"/>
        <line num="81" type="stmt" count="1"/>
        <line num="82" type="stmt" count="1"/>
        <line num="83" type="stmt" count="1"/>
        <line num="86" type="stmt" count="1"/>
        <line num="87" type="stmt" count="1"/>
        <line num="90" type="stmt" count="1"/>
        <metrics loc="91" ncloc="90" classes="1" methods="5" coveredmethods="5" conditionals="0" coveredconditionals="0" statements="39" coveredstatements="39" elements="44" coveredelements="44"/>
      </file>
      <file name="D:\WebProject\MOC-Framework-Mark-V/TestSuite/Tests/Core/FileSystem/ParameterTest.php">
        <class name="ParameterTest" namespace="MOC\V\TestSuite\Tests\Core\FileSystem">
          <metrics methods="3" coveredmethods="3" conditionals="0" coveredconditionals="0" statements="24" coveredstatements="24" elements="27" coveredelements="27"/>
        </class>
        <line num="10" type="method" name="testAbstractParameter" crap="1" count="1"/>
        <line num="14" type="stmt" count="1"/>
        <line num="16" type="stmt" count="1"/>
        <line num="17" type="stmt" count="1"/>
        <line num="19" type="stmt" count="1"/>
        <line num="21" type="method" name="testFileParameter" crap="3" count="1"/>
        <line num="25" type="stmt" count="1"/>
        <line num="26" type="stmt" count="1"/>
        <line num="27" type="stmt" count="1"/>
        <line num="30" type="stmt" count="1"/>
        <line num="31" type="stmt" count="1"/>
        <line num="34" type="stmt" count="1"/>
        <line num="35" type="stmt" count="1"/>
        <line num="36" type="stmt" count="1"/>
        <line num="39" type="stmt" count="1"/>
        <line num="41" type="method" name="testDirectoryParameter" crap="3" count="1"/>
        <line num="45" type="stmt" count="1"/>
        <line num="46" type="stmt" count="1"/>
        <line num="47" type="stmt" count="1"/>
        <line num="48" type="stmt" count="1"/>
        <line num="51" type="stmt" count="1"/>
        <line num="52" type="stmt" count="1"/>
        <line num="55" type="stmt" count="1"/>
        <line num="56" type="stmt" count="1"/>
        <line num="57" type="stmt" count="1"/>
        <line num="58" type="stmt" count="1"/>
        <line num="61" type="stmt" count="1"/>
        <metrics loc="63" ncloc="62" classes="1" methods="3" coveredmethods="3" conditionals="0" coveredconditionals="0" statements="24" coveredstatements="24" elements="27" coveredelements="27"/>
      </file>
      <file name="D:\WebProject\MOC-Framework-Mark-V/TestSuite/Tests/Core/FileSystem/VendorTest.php">
        <class name="VendorTest" namespace="MOC\V\TestSuite\Tests\Core\FileSystem">
          <metrics methods="1" coveredmethods="1" conditionals="0" coveredconditionals="0" statements="7" coveredstatements="7" elements="8" coveredelements="8"/>
        </class>
        <line num="9" type="method" name="testVendor" crap="1" count="1"/>
        <line num="13" type="stmt" count="1"/>
        <line num="15" type="stmt" count="1"/>
        <line num="17" type="stmt" count="1"/>
        <line num="18" type="stmt" count="1"/>
        <line num="20" type="stmt" count="1"/>
        <line num="21" type="stmt" count="1"/>
        <line num="22" type="stmt" count="1"/>
        <metrics loc="23" ncloc="22" classes="1" methods="1" coveredmethods="1" conditionals="0" coveredconditionals="0" statements="7" coveredstatements="7" elements="8" coveredelements="8"/>
      </file>
    </package>
    <package name="MOC\V\TestSuite\Tests\Core\HttpKernel">
      <file name="D:\WebProject\MOC-Framework-Mark-V/TestSuite/Tests/Core/HttpKernel/BridgeTest.php">
        <class name="BridgeTest" namespace="MOC\V\TestSuite\Tests\Core\HttpKernel" fullPackage="MOC" package="MOC">
          <metrics methods="1" coveredmethods="1" conditionals="0" coveredconditionals="0" statements="10" coveredstatements="10" elements="11" coveredelements="11"/>
        </class>
        <line num="14" type="method" name="testUniversalRequest" crap="1" count="1"/>
        <line num="17" type="stmt" count="1"/>
        <line num="19" type="stmt" count="1"/>
        <line num="20" type="stmt" count="1"/>
        <line num="21" type="stmt" count="1"/>
        <line num="22" type="stmt" count="1"/>
        <line num="24" type="stmt" count="1"/>
        <line num="25" type="stmt" count="1"/>
        <line num="26" type="stmt" count="1"/>
        <line num="27" type="stmt" count="1"/>
        <line num="28" type="stmt" count="1"/>
        <metrics loc="30" ncloc="25" classes="1" methods="1" coveredmethods="1" conditionals="0" coveredconditionals="0" statements="10" coveredstatements="10" elements="11" coveredelements="11"/>
      </file>
      <file name="D:\WebProject\MOC-Framework-Mark-V/TestSuite/Tests/Core/HttpKernel/ExceptionTest.php">
        <class name="ExceptionTest" namespace="MOC\V\TestSuite\Tests\Core\HttpKernel" fullPackage="MOC" package="MOC">
          <metrics methods="1" coveredmethods="1" conditionals="0" coveredconditionals="0" statements="7" coveredstatements="7" elements="8" coveredelements="8"/>
        </class>
        <line num="15" type="method" name="testHttpKernelException" crap="3" count="1"/>
        <line num="19" type="stmt" count="1"/>
        <line num="20" type="stmt" count="1"/>
        <line num="21" type="stmt" count="1"/>
        <line num="25" type="stmt" count="1"/>
        <line num="26" type="stmt" count="1"/>
        <line num="27" type="stmt" count="1"/>
        <line num="30" type="stmt" count="1"/>
        <metrics loc="32" ncloc="27" classes="1" methods="1" coveredmethods="1" conditionals="0" coveredconditionals="0" statements="7" coveredstatements="7" elements="8" coveredelements="8"/>
      </file>
      <file name="D:\WebProject\MOC-Framework-Mark-V/TestSuite/Tests/Core/HttpKernel/ModuleTest.php">
        <class name="ModuleTest" namespace="MOC\V\TestSuite\Tests\Core\HttpKernel" fullPackage="MOC" package="MOC">
          <metrics methods="3" coveredmethods="3" conditionals="0" coveredconditionals="0" statements="19" coveredstatements="19" elements="22" coveredelements="22"/>
        </class>
        <line num="15" type="method" name="testModule" crap="1" count="1"/>
        <line num="19" type="stmt" count="1"/>
        <line num="20" type="stmt" count="1"/>
        <line num="21" type="stmt" count="1"/>
        <line num="23" type="stmt" count="1"/>
        <line num="24" type="stmt" count="1"/>
        <line num="25" type="stmt" count="1"/>
        <line num="26" type="stmt" count="1"/>
        <line num="27" type="stmt" count="1"/>
        <line num="28" type="stmt" count="1"/>
        <line num="29" type="stmt" count="1"/>
        <line num="30" type="stmt" count="1"/>
        <line num="31" type="stmt" count="1"/>
        <line num="32" type="stmt" count="1"/>
        <line num="34" type="method" name="testStaticUniversalRequest" crap="1" count="1"/>
        <line num="37" type="stmt" count="1"/>
        <line num="38" type="stmt" count="1"/>
        <line num="39" type="stmt" count="1"/>
        <line num="41" type="method" name="testStaticRequest" crap="1" count="1"/>
        <line num="44" type="stmt" count="1"/>
        <line num="45" type="stmt" count="1"/>
        <line num="46" type="stmt" count="1"/>
        <metrics loc="48" ncloc="42" classes="1" methods="3" coveredmethods="3" conditionals="0" coveredconditionals="0" statements="19" coveredstatements="19" elements="22" coveredelements="22"/>
      </file>
      <file name="D:\WebProject\MOC-Framework-Mark-V/TestSuite/Tests/Core/HttpKernel/ParameterTest.php">
        <class name="ParameterTest" namespace="MOC\V\TestSuite\Tests\Core\HttpKernel" fullPackage="MOC" package="MOC">
          <metrics methods="1" coveredmethods="1" conditionals="0" coveredconditionals="0" statements="4" coveredstatements="4" elements="5" coveredelements="5"/>
        </class>
        <line num="12" type="method" name="testAbstractParameter" crap="1" count="1"/>
        <line num="16" type="stmt" count="1"/>
        <line num="18" type="stmt" count="1"/>
        <line num="19" type="stmt" count="1"/>
        <line num="21" type="stmt" count="1"/>
        <metrics loc="22" ncloc="16" classes="1" methods="1" coveredmethods="1" conditionals="0" coveredconditionals="0" statements="4" coveredstatements="4" elements="5" coveredelements="5"/>
      </file>
      <file name="D:\WebProject\MOC-Framework-Mark-V/TestSuite/Tests/Core/HttpKernel/VendorTest.php">
        <class name="VendorTest" namespace="MOC\V\TestSuite\Tests\Core\HttpKernel" fullPackage="MOC" package="MOC">
          <metrics methods="1" coveredmethods="1" conditionals="0" coveredconditionals="0" statements="7" coveredstatements="7" elements="8" coveredelements="8"/>
        </class>
        <line num="14" type="method" name="testVendor" crap="1" count="1"/>
        <line num="18" type="stmt" count="1"/>
        <line num="20" type="stmt" count="1"/>
        <line num="22" type="stmt" count="1"/>
        <line num="23" type="stmt" count="1"/>
        <line num="25" type="stmt" count="1"/>
        <line num="26" type="stmt" count="1"/>
        <line num="27" type="stmt" count="1"/>
        <metrics loc="28" ncloc="22" classes="1" methods="1" coveredmethods="1" conditionals="0" coveredconditionals="0" statements="7" coveredstatements="7" elements="8" coveredelements="8"/>
      </file>
    </package>
    <metrics files="112" loc="5484" ncloc="3915" classes="111" methods="270" coveredmethods="269" conditionals="0" coveredconditionals="0" statements="1106" coveredstatements="1098" elements="1376" coveredelements="1367"/>
  </project>
</coverage>
